TN:
SF:app\layout.tsx
FN:32,RootLayout
FNF:1
FNH:0
FNDA:0,RootLayout
DA:3,0
DA:4,0
DA:5,0
DA:6,0
DA:7,0
DA:9,0
DA:10,0
DA:11,0
DA:13,0
DA:19,0
DA:25,0
DA:32,0
LF:12
LH:0
BRF:0
BRH:0
end_of_record
TN:
SF:app\loading.tsx
FN:1,Loading
FNF:1
FNH:0
FNDA:0,Loading
DA:1,0
DA:2,0
LF:2
LH:0
BRF:0
BRH:0
end_of_record
TN:
SF:app\page.tsx
FN:50,(anonymous_2)
FN:95,(anonymous_3)
FN:139,HomePage
FN:150,(anonymous_5)
FN:151,(anonymous_6)
FN:179,(anonymous_7)
FN:180,(anonymous_8)
FN:195,(anonymous_9)
FN:216,(anonymous_10)
FN:239,(anonymous_11)
FN:290,(anonymous_12)
FN:392,(anonymous_13)
FN:413,(anonymous_14)
FN:427,(anonymous_15)
FN:491,(anonymous_16)
FN:528,(anonymous_17)
FNF:16
FNH:0
FNDA:0,(anonymous_2)
FNDA:0,(anonymous_3)
FNDA:0,HomePage
FNDA:0,(anonymous_5)
FNDA:0,(anonymous_6)
FNDA:0,(anonymous_7)
FNDA:0,(anonymous_8)
FNDA:0,(anonymous_9)
FNDA:0,(anonymous_10)
FNDA:0,(anonymous_11)
FNDA:0,(anonymous_12)
FNDA:0,(anonymous_13)
FNDA:0,(anonymous_14)
FNDA:0,(anonymous_15)
FNDA:0,(anonymous_16)
FNDA:0,(anonymous_17)
DA:3,0
DA:4,0
DA:5,0
DA:6,0
DA:7,0
DA:8,0
DA:9,0
DA:10,0
DA:11,0
DA:12,0
DA:13,0
DA:14,0
DA:15,0
DA:16,0
DA:17,0
DA:18,0
DA:19,0
DA:50,0
DA:95,0
DA:139,0
DA:140,0
DA:141,0
DA:142,0
DA:143,0
DA:144,0
DA:145,0
DA:146,0
DA:147,0
DA:150,0
DA:151,0
DA:152,0
DA:153,0
DA:154,0
DA:155,0
DA:156,0
DA:157,0
DA:158,0
DA:162,0
DA:164,0
DA:175,0
DA:179,0
DA:180,0
DA:181,0
DA:182,0
DA:183,0
DA:184,0
DA:185,0
DA:187,0
DA:188,0
DA:189,0
DA:191,0
DA:192,0
DA:194,0
DA:195,0
DA:212,0
DA:216,0
DA:217,0
DA:218,0
DA:219,0
DA:220,0
DA:222,0
DA:223,0
DA:224,0
DA:226,0
DA:228,0
DA:232,0
DA:233,0
DA:237,0
DA:239,0
DA:240,0
DA:243,0
DA:291,0
DA:393,0
DA:413,0
DA:428,0
DA:492,0
DA:529,0
LF:77
LH:0
BRDA:53,0,0,0
BRDA:53,0,1,0
BRDA:53,1,0,0
BRDA:53,1,1,0
BRDA:54,2,0,0
BRDA:54,2,1,0
BRDA:54,3,0,0
BRDA:54,3,1,0
BRDA:65,4,0,0
BRDA:65,4,1,0
BRDA:65,5,0,0
BRDA:65,5,1,0
BRDA:66,6,0,0
BRDA:66,6,1,0
BRDA:66,7,0,0
BRDA:66,7,1,0
BRDA:75,8,0,0
BRDA:75,8,1,0
BRDA:75,9,0,0
BRDA:75,9,1,0
BRDA:76,10,0,0
BRDA:76,10,1,0
BRDA:76,11,0,0
BRDA:76,11,1,0
BRDA:85,12,0,0
BRDA:85,12,1,0
BRDA:85,13,0,0
BRDA:85,13,1,0
BRDA:86,14,0,0
BRDA:86,14,1,0
BRDA:86,15,0,0
BRDA:86,15,1,0
BRDA:98,16,0,0
BRDA:98,16,1,0
BRDA:98,17,0,0
BRDA:98,17,1,0
BRDA:102,18,0,0
BRDA:102,18,1,0
BRDA:102,19,0,0
BRDA:102,19,1,0
BRDA:106,20,0,0
BRDA:106,20,1,0
BRDA:106,21,0,0
BRDA:106,21,1,0
BRDA:110,22,0,0
BRDA:110,22,1,0
BRDA:110,23,0,0
BRDA:110,23,1,0
BRDA:114,24,0,0
BRDA:114,24,1,0
BRDA:114,25,0,0
BRDA:114,25,1,0
BRDA:117,26,0,0
BRDA:117,26,1,0
BRDA:117,27,0,0
BRDA:117,27,1,0
BRDA:121,28,0,0
BRDA:121,28,1,0
BRDA:121,29,0,0
BRDA:121,29,1,0
BRDA:124,30,0,0
BRDA:124,30,1,0
BRDA:124,31,0,0
BRDA:124,31,1,0
BRDA:154,32,0,0
BRDA:156,33,0,0
BRDA:184,34,0,0
BRDA:219,35,0,0
BRDA:223,36,0,0
BRDA:223,36,1,0
BRDA:224,37,0,0
BRDA:224,37,1,0
BRDA:246,38,0,0
BRDA:246,38,1,0
BRDA:246,39,0,0
BRDA:246,39,1,0
BRDA:248,40,0,0
BRDA:248,40,1,0
BRDA:250,41,0,0
BRDA:250,41,1,0
BRDA:256,42,0,0
BRDA:256,42,1,0
BRDA:256,43,0,0
BRDA:256,43,1,0
BRDA:258,44,0,0
BRDA:258,44,1,0
BRDA:260,45,0,0
BRDA:260,45,1,0
BRDA:266,46,0,0
BRDA:266,46,1,0
BRDA:266,47,0,0
BRDA:266,47,1,0
BRDA:268,48,0,0
BRDA:268,48,1,0
BRDA:270,49,0,0
BRDA:270,49,1,0
BRDA:302,50,0,0
BRDA:305,51,0,0
BRDA:309,52,0,0
BRDA:309,52,1,0
BRDA:309,53,0,0
BRDA:309,53,1,0
BRDA:324,54,0,0
BRDA:324,54,1,0
BRDA:324,55,0,0
BRDA:324,55,1,0
BRDA:327,56,0,0
BRDA:327,56,1,0
BRDA:329,57,0,0
BRDA:329,57,1,0
BRDA:339,58,0,0
BRDA:339,58,1,0
BRDA:341,59,0,0
BRDA:341,59,1,0
BRDA:352,60,0,0
BRDA:352,60,1,0
BRDA:352,61,0,0
BRDA:352,61,1,0
BRDA:358,62,0,0
BRDA:358,62,1,0
BRDA:358,63,0,0
BRDA:358,63,1,0
BRDA:372,64,0,0
BRDA:372,64,1,0
BRDA:372,65,0,0
BRDA:372,65,1,0
BRDA:375,66,0,0
BRDA:375,66,1,0
BRDA:377,67,0,0
BRDA:377,67,1,0
BRDA:384,68,0,0
BRDA:384,68,1,0
BRDA:384,69,0,0
BRDA:384,69,1,0
BRDA:391,70,0,0
BRDA:410,71,0,0
BRDA:416,72,0,0
BRDA:416,72,1,0
BRDA:416,73,0,0
BRDA:416,73,1,0
BRDA:420,74,0,0
BRDA:422,75,0,0
BRDA:422,75,1,0
BRDA:422,76,0,0
BRDA:422,76,1,0
BRDA:432,77,0,0
BRDA:432,77,1,0
BRDA:432,77,2,0
BRDA:438,78,0,0
BRDA:438,78,1,0
BRDA:438,79,0,0
BRDA:438,79,1,0
BRDA:464,80,0,0
BRDA:464,80,1,0
BRDA:464,81,0,0
BRDA:464,81,1,0
BRDA:479,82,0,0
BRDA:479,82,1,0
BRDA:479,83,0,0
BRDA:479,83,1,0
BRDA:482,84,0,0
BRDA:482,84,1,0
BRDA:484,85,0,0
BRDA:484,85,1,0
BRDA:491,86,0,0
BRDA:491,86,1,0
BRDA:492,87,0,0
BRDA:492,87,1,0
BRDA:497,88,0,0
BRDA:497,88,1,0
BRDA:508,89,0,0
BRDA:508,89,1,0
BRDA:508,89,2,0
BRDA:508,90,0,0
BRDA:508,90,1,0
BRDA:508,91,0,0
BRDA:508,91,1,0
BRDA:523,92,0,0
BRDA:523,92,1,0
BRDA:523,93,0,0
BRDA:523,93,1,0
BRDA:545,94,0,0
BRDA:545,94,1,0
BRDA:547,95,0,0
BRDA:547,95,1,0
BRDA:552,96,0,0
BRDA:552,96,1,0
BRDA:554,97,0,0
BRDA:554,97,1,0
BRDA:561,98,0,0
BRDA:561,98,1,0
BRDA:561,99,0,0
BRDA:561,99,1,0
BRDA:571,100,0,0
BRDA:571,100,1,0
BRDA:571,101,0,0
BRDA:571,101,1,0
BRF:197
BRH:0
end_of_record
TN:
SF:app\about\loading.tsx
FN:1,Loading
FNF:1
FNH:0
FNDA:0,Loading
DA:1,0
DA:2,0
LF:2
LH:0
BRF:0
BRH:0
end_of_record
TN:
SF:app\about\page.tsx
FN:12,(anonymous_2)
FN:84,(anonymous_3)
FN:108,(anonymous_4)
FN:151,AboutPage
FN:194,(anonymous_6)
FN:267,(anonymous_7)
FN:299,(anonymous_8)
FNF:7
FNH:0
FNDA:0,(anonymous_2)
FNDA:0,(anonymous_3)
FNDA:0,(anonymous_4)
FNDA:0,AboutPage
FNDA:0,(anonymous_6)
FNDA:0,(anonymous_7)
FNDA:0,(anonymous_8)
DA:3,0
DA:4,0
DA:5,0
DA:6,0
DA:7,0
DA:8,0
DA:9,0
DA:12,0
DA:84,0
DA:108,0
DA:151,0
DA:152,0
DA:154,0
DA:155,0
DA:156,0
DA:195,0
DA:268,0
DA:300,0
LF:18
LH:0
BRDA:16,0,0,0
BRDA:16,0,1,0
BRDA:16,1,0,0
BRDA:16,1,1,0
BRDA:18,2,0,0
BRDA:18,2,1,0
BRDA:20,3,0,0
BRDA:20,3,1,0
BRDA:33,4,0,0
BRDA:33,4,1,0
BRDA:33,5,0,0
BRDA:33,5,1,0
BRDA:35,6,0,0
BRDA:35,6,1,0
BRDA:37,7,0,0
BRDA:37,7,1,0
BRDA:50,8,0,0
BRDA:50,8,1,0
BRDA:50,9,0,0
BRDA:50,9,1,0
BRDA:52,10,0,0
BRDA:52,10,1,0
BRDA:54,11,0,0
BRDA:54,11,1,0
BRDA:67,12,0,0
BRDA:67,12,1,0
BRDA:67,13,0,0
BRDA:67,13,1,0
BRDA:69,14,0,0
BRDA:69,14,1,0
BRDA:71,15,0,0
BRDA:71,15,1,0
BRDA:87,16,0,0
BRDA:87,16,1,0
BRDA:87,17,0,0
BRDA:87,17,1,0
BRDA:92,18,0,0
BRDA:92,18,1,0
BRDA:92,19,0,0
BRDA:92,19,1,0
BRDA:97,20,0,0
BRDA:97,20,1,0
BRDA:97,21,0,0
BRDA:97,21,1,0
BRDA:102,22,0,0
BRDA:102,22,1,0
BRDA:102,23,0,0
BRDA:102,23,1,0
BRDA:111,24,0,0
BRDA:111,24,1,0
BRDA:111,25,0,0
BRDA:111,25,1,0
BRDA:113,26,0,0
BRDA:113,26,1,0
BRDA:115,27,0,0
BRDA:115,27,1,0
BRDA:121,28,0,0
BRDA:121,28,1,0
BRDA:121,29,0,0
BRDA:121,29,1,0
BRDA:123,30,0,0
BRDA:123,30,1,0
BRDA:125,31,0,0
BRDA:125,31,1,0
BRDA:131,32,0,0
BRDA:131,32,1,0
BRDA:131,33,0,0
BRDA:131,33,1,0
BRDA:133,34,0,0
BRDA:133,34,1,0
BRDA:135,35,0,0
BRDA:135,35,1,0
BRDA:141,36,0,0
BRDA:141,36,1,0
BRDA:141,37,0,0
BRDA:141,37,1,0
BRDA:143,38,0,0
BRDA:143,38,1,0
BRDA:145,39,0,0
BRDA:145,39,1,0
BRDA:165,40,0,0
BRDA:165,40,1,0
BRDA:165,41,0,0
BRDA:165,41,1,0
BRDA:168,42,0,0
BRDA:168,42,1,0
BRDA:170,43,0,0
BRDA:170,43,1,0
BRDA:177,44,0,0
BRDA:177,44,1,0
BRDA:177,45,0,0
BRDA:177,45,1,0
BRDA:182,46,0,0
BRDA:182,46,1,0
BRDA:182,47,0,0
BRDA:182,47,1,0
BRDA:213,48,0,0
BRDA:213,48,1,0
BRDA:213,49,0,0
BRDA:213,49,1,0
BRDA:217,50,0,0
BRDA:217,50,1,0
BRDA:219,51,0,0
BRDA:219,51,1,0
BRDA:224,52,0,0
BRDA:224,52,1,0
BRDA:226,53,0,0
BRDA:226,53,1,0
BRDA:231,54,0,0
BRDA:231,54,1,0
BRDA:233,55,0,0
BRDA:233,55,1,0
BRDA:255,56,0,0
BRDA:255,56,1,0
BRDA:255,57,0,0
BRDA:255,57,1,0
BRDA:258,58,0,0
BRDA:258,58,1,0
BRDA:260,59,0,0
BRDA:260,59,1,0
BRDA:287,60,0,0
BRDA:287,60,1,0
BRDA:287,61,0,0
BRDA:287,61,1,0
BRDA:290,62,0,0
BRDA:290,62,1,0
BRDA:292,63,0,0
BRDA:292,63,1,0
BRDA:303,64,0,0
BRDA:303,64,1,0
BRDA:311,65,0,0
BRDA:321,66,0,0
BRDA:328,67,0,0
BRDA:359,68,0,0
BRDA:359,68,1,0
BRDA:359,69,0,0
BRDA:359,69,1,0
BRDA:363,70,0,0
BRDA:363,70,1,0
BRDA:365,71,0,0
BRDA:365,71,1,0
BRDA:374,72,0,0
BRDA:374,72,1,0
BRDA:374,73,0,0
BRDA:374,73,1,0
BRDA:378,74,0,0
BRDA:378,74,1,0
BRDA:380,75,0,0
BRDA:380,75,1,0
BRDA:393,76,0,0
BRDA:393,76,1,0
BRDA:395,77,0,0
BRDA:395,77,1,0
BRDA:400,78,0,0
BRDA:400,78,1,0
BRDA:402,79,0,0
BRDA:402,79,1,0
BRDA:409,80,0,0
BRDA:409,80,1,0
BRDA:411,81,0,0
BRDA:411,81,1,0
BRDA:418,82,0,0
BRDA:418,82,1,0
BRDA:418,83,0,0
BRDA:418,83,1,0
BRF:165
BRH:0
end_of_record
TN:
SF:app\account\loading.tsx
FN:3,AccountLoading
FNF:1
FNH:0
FNDA:0,AccountLoading
DA:1,0
DA:3,0
LF:2
LH:0
BRF:0
BRH:0
end_of_record
TN:
SF:app\account\page.tsx
FN:15,AccountPage
FN:20,(anonymous_3)
FNF:2
FNH:0
FNDA:0,AccountPage
FNDA:0,(anonymous_3)
DA:3,0
DA:4,0
DA:5,0
DA:6,0
DA:7,0
DA:8,0
DA:9,0
DA:10,0
DA:11,0
DA:12,0
DA:13,0
DA:15,0
DA:16,0
DA:17,0
DA:18,0
DA:20,0
DA:21,0
LF:17
LH:0
BRDA:30,0,0,0
BRDA:36,1,0,0
BRDA:36,1,1,0
BRDA:37,2,0,0
BRDA:37,2,1,0
BRDA:38,3,0,0
BRDA:38,3,1,0
BRDA:39,4,0,0
BRDA:39,4,1,0
BRDA:40,5,0,0
BRDA:40,5,1,0
BRF:11
BRH:0
end_of_record
TN:
SF:app\account\components\account-sidebar.tsx
FN:13,AccountSidebar
FN:24,(anonymous_2)
FN:31,(anonymous_3)
FN:38,(anonymous_4)
FNF:4
FNH:0
FNDA:0,AccountSidebar
FNDA:0,(anonymous_2)
FNDA:0,(anonymous_3)
FNDA:0,(anonymous_4)
DA:3,0
DA:4,0
DA:5,0
DA:6,0
DA:13,0
DA:14,0
DA:16,0
DA:24,0
DA:26,0
DA:32,0
DA:33,0
DA:38,0
LF:12
LH:0
BRDA:36,0,0,0
BRDA:36,0,1,0
BRF:2
BRH:0
end_of_record
TN:
SF:app\account\components\addresses.tsx
FN:45,Addresses
FN:65,(anonymous_2)
FN:67,(anonymous_3)
FN:70,(anonymous_4)
FN:71,(anonymous_5)
FN:74,(anonymous_6)
FN:75,(anonymous_7)
FN:78,(anonymous_8)
FN:87,(anonymous_9)
FN:103,(anonymous_10)
FN:104,(anonymous_11)
FN:125,(anonymous_12)
FN:126,(anonymous_13)
FN:135,(anonymous_14)
FN:141,(anonymous_15)
FN:157,(anonymous_16)
FN:173,(anonymous_17)
FN:200,(anonymous_18)
FN:208,(anonymous_19)
FN:307,(anonymous_20)
FN:393,(anonymous_21)
FN:405,MapPin
FNF:22
FNH:0
FNDA:0,Addresses
FNDA:0,(anonymous_2)
FNDA:0,(anonymous_3)
FNDA:0,(anonymous_4)
FNDA:0,(anonymous_5)
FNDA:0,(anonymous_6)
FNDA:0,(anonymous_7)
FNDA:0,(anonymous_8)
FNDA:0,(anonymous_9)
FNDA:0,(anonymous_10)
FNDA:0,(anonymous_11)
FNDA:0,(anonymous_12)
FNDA:0,(anonymous_13)
FNDA:0,(anonymous_14)
FNDA:0,(anonymous_15)
FNDA:0,(anonymous_16)
FNDA:0,(anonymous_17)
FNDA:0,(anonymous_18)
FNDA:0,(anonymous_19)
FNDA:0,(anonymous_20)
FNDA:0,(anonymous_21)
FNDA:0,MapPin
DA:5,0
DA:6,0
DA:7,0
DA:8,0
DA:9,0
DA:10,0
DA:11,0
DA:12,0
DA:13,0
DA:14,0
DA:15,0
DA:18,0
DA:45,0
DA:46,0
DA:47,0
DA:48,0
DA:49,0
DA:50,0
DA:51,0
DA:52,0
DA:65,0
DA:66,0
DA:67,0
DA:70,0
DA:71,0
DA:74,0
DA:75,0
DA:78,0
DA:79,0
DA:85,0
DA:86,0
DA:87,0
DA:93,0
DA:94,0
DA:95,0
DA:97,0
DA:103,0
DA:104,0
DA:105,0
DA:106,0
DA:109,0
DA:110,0
DA:112,0
DA:115,0
DA:116,0
DA:117,0
DA:119,0
DA:125,0
DA:126,0
DA:127,0
DA:129,0
DA:135,0
DA:136,0
DA:137,0
DA:138,0
DA:141,0
DA:142,0
DA:154,0
DA:157,0
DA:158,0
DA:159,0
DA:174,0
DA:200,0
DA:208,0
DA:307,0
DA:393,0
LF:66
LH:0
BRDA:86,0,0,0
BRDA:105,1,0,0
BRDA:109,2,0,0
BRDA:109,3,0,0
BRDA:109,3,1,0
BRDA:178,4,0,0
BRDA:181,5,0,0
BRDA:219,6,0,0
BRDA:388,7,0,0
BRDA:388,7,1,0
BRF:10
BRH:0
end_of_record
TN:
SF:app\account\components\change-password.tsx
FN:13,ChangePassword
FN:32,(anonymous_2)
FN:37,(anonymous_3)
FN:42,(anonymous_4)
FN:47,(anonymous_5)
FN:52,(anonymous_6)
FN:56,(anonymous_7)
FN:58,(anonymous_8)
FN:62,(anonymous_9)
FN:67,(anonymous_10)
FN:71,(anonymous_11)
FN:82,(anonymous_12)
FN:98,(anonymous_13)
FN:108,(anonymous_14)
FN:126,(anonymous_15)
FN:150,(anonymous_16)
FN:176,(anonymous_17)
FN:191,(anonymous_18)
FN:229,(anonymous_19)
FNF:19
FNH:0
FNDA:0,ChangePassword
FNDA:0,(anonymous_2)
FNDA:0,(anonymous_3)
FNDA:0,(anonymous_4)
FNDA:0,(anonymous_5)
FNDA:0,(anonymous_6)
FNDA:0,(anonymous_7)
FNDA:0,(anonymous_8)
FNDA:0,(anonymous_9)
FNDA:0,(anonymous_10)
FNDA:0,(anonymous_11)
FNDA:0,(anonymous_12)
FNDA:0,(anonymous_13)
FNDA:0,(anonymous_14)
FNDA:0,(anonymous_15)
FNDA:0,(anonymous_16)
FNDA:0,(anonymous_17)
FNDA:0,(anonymous_18)
FNDA:0,(anonymous_19)
DA:5,0
DA:6,0
DA:7,0
DA:8,0
DA:9,0
DA:10,0
DA:11,0
DA:13,0
DA:14,0
DA:15,0
DA:16,0
DA:21,0
DA:22,0
DA:23,0
DA:24,0
DA:25,0
DA:28,0
DA:32,0
DA:37,0
DA:42,0
DA:47,0
DA:52,0
DA:56,0
DA:57,0
DA:58,0
DA:61,0
DA:62,0
DA:66,0
DA:67,0
DA:71,0
DA:72,0
DA:74,0
DA:75,0
DA:78,0
DA:79,0
DA:82,0
DA:83,0
DA:84,0
DA:88,0
DA:89,0
DA:90,0
DA:91,0
DA:94,0
DA:95,0
DA:98,0
DA:99,0
DA:101,0
DA:102,0
DA:105,0
DA:108,0
DA:109,0
DA:112,0
DA:118,0
DA:126,0
DA:127,0
DA:128,0
DA:150,0
DA:176,0
DA:192,0
DA:193,0
DA:229,0
LF:61
LH:0
BRDA:61,0,0,0
BRDA:66,1,0,0
BRDA:66,2,0,0
BRDA:66,2,1,0
BRDA:74,3,0,0
BRDA:78,4,0,0
BRDA:78,4,1,0
BRDA:83,5,0,0
BRDA:88,6,0,0
BRDA:88,6,1,0
BRDA:90,7,0,0
BRDA:101,8,0,0
BRDA:127,9,0,0
BRDA:142,10,0,0
BRDA:142,10,1,0
BRDA:145,11,0,0
BRDA:145,11,1,0
BRDA:153,12,0,0
BRDA:159,13,0,0
BRDA:168,14,0,0
BRDA:168,14,1,0
BRDA:171,15,0,0
BRDA:171,15,1,0
BRDA:179,16,0,0
BRDA:185,17,0,0
BRDA:197,18,0,0
BRDA:197,18,1,0
BRDA:197,19,0,0
BRDA:197,19,1,0
BRDA:201,20,0,0
BRDA:203,21,0,0
BRDA:221,22,0,0
BRDA:221,22,1,0
BRDA:224,23,0,0
BRDA:224,23,1,0
BRDA:232,24,0,0
BRDA:238,25,0,0
BRDA:242,26,0,0
BRDA:242,26,1,0
BRF:39
BRH:0
end_of_record
TN:
SF:app\account\components\notifications.tsx
FN:13,Notifications
FN:35,(anonymous_2)
FN:36,(anonymous_3)
FN:42,(anonymous_4)
FN:43,(anonymous_5)
FN:49,(anonymous_6)
FN:54,(anonymous_7)
FN:118,(anonymous_8)
FN:119,(anonymous_9)
FN:133,(anonymous_10)
FN:148,(anonymous_11)
FN:149,(anonymous_12)
FN:163,(anonymous_13)
FNF:13
FNH:0
FNDA:0,Notifications
FNDA:0,(anonymous_2)
FNDA:0,(anonymous_3)
FNDA:0,(anonymous_4)
FNDA:0,(anonymous_5)
FNDA:0,(anonymous_6)
FNDA:0,(anonymous_7)
FNDA:0,(anonymous_8)
FNDA:0,(anonymous_9)
FNDA:0,(anonymous_10)
FNDA:0,(anonymous_11)
FNDA:0,(anonymous_12)
FNDA:0,(anonymous_13)
DA:5,0
DA:6,0
DA:7,0
DA:8,0
DA:9,0
DA:10,0
DA:11,0
DA:13,0
DA:14,0
DA:15,0
DA:16,0
DA:19,0
DA:27,0
DA:35,0
DA:36,0
DA:42,0
DA:43,0
DA:49,0
DA:50,0
DA:51,0
DA:54,0
DA:55,0
DA:56,0
DA:64,0
DA:118,0
DA:120,0
DA:133,0
DA:148,0
DA:150,0
DA:163,0
LF:30
LH:0
BRDA:179,0,0,0
BRDA:179,0,1,0
BRF:2
BRH:0
end_of_record
TN:
SF:app\account\components\orders.tsx
FN:53,Orders
FN:59,(anonymous_2)
FN:66,(anonymous_3)
FN:83,(anonymous_4)
FN:118,(anonymous_5)
FN:149,(anonymous_6)
FN:192,ShoppingBag
FNF:7
FNH:0
FNDA:0,Orders
FNDA:0,(anonymous_2)
FNDA:0,(anonymous_3)
FNDA:0,(anonymous_4)
FNDA:0,(anonymous_5)
FNDA:0,(anonymous_6)
FNDA:0,ShoppingBag
DA:5,0
DA:6,0
DA:7,0
DA:8,0
DA:9,0
DA:10,0
DA:11,0
DA:12,0
DA:15,0
DA:53,0
DA:54,0
DA:55,0
DA:56,0
DA:59,0
DA:60,0
DA:61,0
DA:62,0
DA:66,0
DA:67,0
DA:68,0
DA:70,0
DA:72,0
DA:74,0
DA:76,0
DA:78,0
DA:83,0
DA:84,0
DA:118,0
DA:150,0
LF:29
LH:0
BRDA:61,0,0,0
BRDA:61,0,1,0
BRDA:62,1,0,0
BRDA:62,1,1,0
BRDA:70,2,0,0
BRDA:70,2,1,0
BRDA:70,2,2,0
BRDA:70,2,3,0
BRDA:136,3,0,0
BRDA:161,4,0,0
BRDA:180,5,0,0
BRDA:180,5,1,0
BRDA:180,6,0,0
BRDA:180,6,1,0
BRDA:184,7,0,0
BRDA:184,7,1,0
BRF:16
BRH:0
end_of_record
TN:
SF:app\account\components\personal-info.tsx
FN:14,PersonalInfo
FN:30,(anonymous_2)
FN:32,(anonymous_3)
FN:35,(anonymous_4)
FN:46,(anonymous_5)
FN:56,(anonymous_6)
FNF:6
FNH:0
FNDA:0,PersonalInfo
FNDA:0,(anonymous_2)
FNDA:0,(anonymous_3)
FNDA:0,(anonymous_4)
FNDA:0,(anonymous_5)
FNDA:0,(anonymous_6)
DA:5,0
DA:6,0
DA:7,0
DA:8,0
DA:9,0
DA:10,0
DA:11,0
DA:12,0
DA:14,0
DA:15,0
DA:16,0
DA:17,0
DA:20,0
DA:28,0
DA:30,0
DA:31,0
DA:32,0
DA:35,0
DA:36,0
DA:38,0
DA:39,0
DA:40,0
DA:46,0
DA:47,0
DA:48,0
DA:56,0
LF:26
LH:0
BRDA:56,0,0,0
BRDA:77,1,0,0
BRDA:77,1,1,0
BRDA:80,2,0,0
BRF:4
BRH:0
end_of_record
TN:
SF:app\admin\layout.tsx
FN:29,(anonymous_4)
FNF:1
FNH:0
FNDA:0,(anonymous_4)
DA:2,0
DA:3,0
DA:4,0
DA:5,0
DA:8,0
DA:14,0
DA:20,0
DA:29,0
DA:46,0
LF:9
LH:0
BRF:0
BRH:0
end_of_record
TN:
SF:app\admin\page.tsx
FN:6,(anonymous_1)
FN:9,(anonymous_2)
FNF:2
FNH:0
FNDA:0,(anonymous_1)
FNDA:0,(anonymous_2)
DA:3,0
DA:4,0
DA:6,0
DA:7,0
DA:9,0
DA:11,0
DA:24,0
LF:7
LH:0
BRF:0
BRH:0
end_of_record
TN:
SF:app\admin\analytics\loading.tsx
FN:4,AnalyticsLoading
FN:22,(anonymous_2)
FN:48,(anonymous_3)
FNF:3
FNH:0
FNDA:0,AnalyticsLoading
FNDA:0,(anonymous_2)
FNDA:0,(anonymous_3)
DA:1,0
DA:2,0
DA:4,0
DA:23,0
DA:49,0
LF:5
LH:0
BRF:0
BRH:0
end_of_record
TN:
SF:app\admin\analytics\page.tsx
FN:21,(anonymous_2)
FN:81,AnalyticsPage
FN:152,(anonymous_4)
FN:200,(anonymous_5)
FN:237,(anonymous_6)
FN:263,(anonymous_7)
FNF:6
FNH:0
FNDA:0,(anonymous_2)
FNDA:0,AnalyticsPage
FNDA:0,(anonymous_4)
FNDA:0,(anonymous_5)
FNDA:0,(anonymous_6)
FNDA:0,(anonymous_7)
DA:3,0
DA:4,0
DA:5,0
DA:6,0
DA:7,0
DA:8,0
DA:9,0
DA:10,0
DA:11,0
DA:12,0
DA:13,0
DA:14,0
DA:15,0
DA:16,0
DA:17,0
DA:18,0
DA:21,0
DA:81,0
DA:82,0
DA:83,0
DA:84,0
DA:86,0
DA:88,0
DA:152,0
DA:201,0
DA:202,0
DA:238,0
DA:264,0
LF:28
LH:0
BRDA:42,0,0,0
BRDA:42,0,1,0
BRDA:42,1,0,0
BRDA:42,1,1,0
BRDA:48,2,0,0
BRDA:48,2,1,0
BRDA:48,3,0,0
BRDA:48,3,1,0
BRDA:54,4,0,0
BRDA:54,4,1,0
BRDA:54,5,0,0
BRDA:54,5,1,0
BRDA:64,6,0,0
BRDA:64,6,1,0
BRDA:64,7,0,0
BRDA:64,7,1,0
BRDA:70,8,0,0
BRDA:70,8,1,0
BRDA:70,9,0,0
BRDA:70,9,1,0
BRDA:75,10,0,0
BRDA:75,10,1,0
BRDA:75,11,0,0
BRDA:75,11,1,0
BRDA:90,12,0,0
BRDA:90,12,1,0
BRDA:90,13,0,0
BRDA:90,13,1,0
BRDA:97,14,0,0
BRDA:97,14,1,0
BRDA:97,15,0,0
BRDA:97,15,1,0
BRDA:104,16,0,0
BRDA:104,16,1,0
BRDA:104,17,0,0
BRDA:104,17,1,0
BRDA:111,18,0,0
BRDA:111,18,1,0
BRDA:111,19,0,0
BRDA:111,19,1,0
BRDA:118,20,0,0
BRDA:118,20,1,0
BRDA:118,21,0,0
BRDA:118,21,1,0
BRDA:125,22,0,0
BRDA:125,22,1,0
BRDA:125,23,0,0
BRDA:125,23,1,0
BRDA:137,24,0,0
BRDA:137,24,1,0
BRDA:139,25,0,0
BRDA:139,25,1,0
BRDA:142,26,0,0
BRDA:142,26,1,0
BRDA:144,27,0,0
BRDA:144,27,1,0
BRDA:152,28,0,0
BRDA:152,28,1,0
BRDA:152,29,0,0
BRDA:152,29,1,0
BRDA:155,30,0,0
BRDA:155,30,1,0
BRDA:155,31,0,0
BRDA:155,31,1,0
BRDA:167,32,0,0
BRDA:167,32,1,0
BRDA:167,33,0,0
BRDA:167,33,1,0
BRDA:170,34,0,0
BRDA:170,34,1,0
BRDA:170,35,0,0
BRDA:170,35,1,0
BRDA:173,36,0,0
BRDA:173,36,1,0
BRDA:173,37,0,0
BRDA:173,37,1,0
BRDA:182,38,0,0
BRDA:182,38,1,0
BRDA:182,39,0,0
BRDA:182,39,1,0
BRDA:185,40,0,0
BRDA:185,40,1,0
BRDA:185,41,0,0
BRDA:185,41,1,0
BRDA:188,42,0,0
BRDA:188,42,1,0
BRDA:188,43,0,0
BRDA:188,43,1,0
BRDA:191,44,0,0
BRDA:191,44,1,0
BRDA:191,45,0,0
BRDA:191,45,1,0
BRDA:194,46,0,0
BRDA:194,46,1,0
BRDA:194,47,0,0
BRDA:194,47,1,0
BRDA:212,48,0,0
BRDA:216,49,0,0
BRDA:216,49,1,0
BRDA:217,50,0,0
BRDA:217,50,1,0
BRDA:220,51,0,0
BRDA:220,51,1,0
BRDA:220,52,0,0
BRDA:220,52,1,0
BRDA:233,53,0,0
BRDA:233,53,1,0
BRDA:233,54,0,0
BRDA:233,54,1,0
BRDA:242,55,0,0
BRDA:242,55,1,0
BRDA:242,56,0,0
BRDA:242,56,1,0
BRDA:247,57,0,0
BRDA:247,57,1,0
BRDA:248,58,0,0
BRDA:248,58,1,0
BRDA:259,59,0,0
BRDA:259,59,1,0
BRDA:259,60,0,0
BRDA:259,60,1,0
BRDA:266,61,0,0
BRDA:266,61,1,0
BRDA:267,62,0,0
BRDA:267,62,1,0
BRDA:271,63,0,0
BRDA:273,64,0,0
BRDA:280,65,0,0
BRF:128
BRH:0
end_of_record
TN:
SF:app\admin\analytics\components\conversion-funnel.tsx
FN:9,(anonymous_1)
FN:69,ConversionFunnel
FN:82,(anonymous_3)
FNF:3
FNH:0
FNDA:0,(anonymous_1)
FNDA:0,ConversionFunnel
FNDA:0,(anonymous_3)
DA:3,0
DA:4,0
DA:5,0
DA:6,0
DA:7,0
DA:9,0
DA:69,0
DA:70,0
DA:71,0
DA:83,0
LF:10
LH:0
BRDA:11,0,0,0
BRDA:11,0,1,0
BRDA:11,1,0,0
BRDA:11,1,1,0
BRDA:18,2,0,0
BRDA:18,2,1,0
BRDA:18,3,0,0
BRDA:18,3,1,0
BRDA:21,4,0,0
BRDA:21,4,1,0
BRDA:21,5,0,0
BRDA:21,5,1,0
BRDA:28,6,0,0
BRDA:28,6,1,0
BRDA:30,7,0,0
BRDA:30,7,1,0
BRDA:35,8,0,0
BRDA:35,8,1,0
BRDA:35,9,0,0
BRDA:35,9,1,0
BRDA:42,10,0,0
BRDA:42,10,1,0
BRDA:42,11,0,0
BRDA:42,11,1,0
BRDA:45,12,0,0
BRDA:45,12,1,0
BRDA:45,13,0,0
BRDA:45,13,1,0
BRDA:52,14,0,0
BRDA:52,14,1,0
BRDA:54,15,0,0
BRDA:54,15,1,0
BRDA:59,16,0,0
BRDA:59,16,1,0
BRDA:59,17,0,0
BRDA:59,17,1,0
BRDA:65,18,0,0
BRDA:65,18,1,0
BRDA:65,19,0,0
BRDA:65,19,1,0
BRDA:77,20,0,0
BRDA:77,20,1,0
BRDA:77,21,0,0
BRDA:77,21,1,0
BRDA:107,22,0,0
BRDA:110,23,0,0
BRDA:110,23,1,0
BRDA:112,24,0,0
BRDA:112,24,1,0
BRDA:118,25,0,0
BRDA:118,25,1,0
BRDA:118,26,0,0
BRDA:118,26,1,0
BRDA:127,27,0,0
BRDA:143,28,0,0
BRDA:143,28,1,0
BRDA:145,29,0,0
BRDA:145,29,1,0
BRDA:153,30,0,0
BRDA:153,30,1,0
BRDA:155,31,0,0
BRDA:155,31,1,0
BRF:62
BRH:0
end_of_record
TN:
SF:app\admin\analytics\components\performance-metrics.tsx
FN:15,(anonymous_1)
FN:104,PerformanceMetrics
FN:108,(anonymous_3)
FN:123,(anonymous_4)
FN:140,(anonymous_5)
FN:239,(anonymous_6)
FN:345,(anonymous_7)
FN:391,(anonymous_8)
FNF:8
FNH:0
FNDA:0,(anonymous_1)
FNDA:0,PerformanceMetrics
FNDA:0,(anonymous_3)
FNDA:0,(anonymous_4)
FNDA:0,(anonymous_5)
FNDA:0,(anonymous_6)
FNDA:0,(anonymous_7)
FNDA:0,(anonymous_8)
DA:3,0
DA:4,0
DA:5,0
DA:6,0
DA:7,0
DA:8,0
DA:9,0
DA:15,0
DA:104,0
DA:105,0
DA:106,0
DA:108,0
DA:109,0
DA:111,0
DA:113,0
DA:115,0
DA:117,0
DA:119,0
DA:123,0
DA:124,0
DA:126,0
DA:128,0
DA:130,0
DA:132,0
DA:141,0
DA:239,0
DA:346,0
DA:392,0
LF:28
LH:0
BRDA:18,0,0,0
BRDA:18,0,1,0
BRDA:18,1,0,0
BRDA:18,1,1,0
BRDA:26,2,0,0
BRDA:26,2,1,0
BRDA:26,3,0,0
BRDA:26,3,1,0
BRDA:34,4,0,0
BRDA:34,4,1,0
BRDA:34,5,0,0
BRDA:34,5,1,0
BRDA:42,6,0,0
BRDA:42,6,1,0
BRDA:42,7,0,0
BRDA:42,7,1,0
BRDA:82,8,0,0
BRDA:82,8,1,0
BRDA:82,9,0,0
BRDA:82,9,1,0
BRDA:91,10,0,0
BRDA:91,10,1,0
BRDA:93,11,0,0
BRDA:93,11,1,0
BRDA:109,12,0,0
BRDA:109,12,1,0
BRDA:109,12,2,0
BRDA:109,12,3,0
BRDA:109,12,4,0
BRDA:124,13,0,0
BRDA:124,13,1,0
BRDA:124,13,2,0
BRDA:124,13,3,0
BRDA:147,14,0,0
BRDA:147,14,1,0
BRDA:147,15,0,0
BRDA:147,15,1,0
BRDA:150,16,0,0
BRDA:150,16,1,0
BRDA:152,17,0,0
BRDA:152,17,1,0
BRDA:178,18,0,0
BRDA:178,18,1,0
BRDA:178,19,0,0
BRDA:178,19,1,0
BRDA:186,20,0,0
BRDA:186,20,1,0
BRDA:186,21,0,0
BRDA:186,21,1,0
BRDA:191,22,0,0
BRDA:191,22,1,0
BRDA:193,23,0,0
BRDA:193,23,1,0
BRDA:219,24,0,0
BRDA:219,24,1,0
BRDA:219,25,0,0
BRDA:219,25,1,0
BRDA:226,26,0,0
BRDA:226,26,1,0
BRDA:226,27,0,0
BRDA:226,27,1,0
BRDA:241,28,0,0
BRDA:241,28,1,0
BRDA:241,29,0,0
BRDA:241,29,1,0
BRDA:257,30,0,0
BRDA:257,30,1,0
BRDA:257,31,0,0
BRDA:257,31,1,0
BRDA:266,32,0,0
BRDA:266,32,1,0
BRDA:268,33,0,0
BRDA:268,33,1,0
BRDA:284,34,0,0
BRDA:284,34,1,0
BRDA:286,35,0,0
BRDA:286,35,1,0
BRDA:302,36,0,0
BRDA:302,36,1,0
BRDA:304,37,0,0
BRDA:304,37,1,0
BRDA:320,38,0,0
BRDA:320,38,1,0
BRDA:322,39,0,0
BRDA:322,39,1,0
BRDA:341,40,0,0
BRDA:341,40,1,0
BRDA:341,41,0,0
BRDA:341,41,1,0
BRDA:353,42,0,0
BRDA:353,42,1,0
BRDA:355,43,0,0
BRDA:355,43,1,0
BRDA:360,44,0,0
BRDA:360,44,1,0
BRDA:362,45,0,0
BRDA:362,45,1,0
BRDA:373,46,0,0
BRDA:373,46,1,0
BRDA:386,47,0,0
BRDA:386,47,1,0
BRDA:386,48,0,0
BRDA:386,48,1,0
BRDA:396,49,0,0
BRDA:396,49,1,0
BRDA:398,50,0,0
BRDA:398,50,1,0
BRDA:413,51,0,0
BRDA:413,51,1,0
BRDA:415,52,0,0
BRDA:415,52,1,0
BRF:111
BRH:0
end_of_record
TN:
SF:app\admin\analytics\components\product-analytics.tsx
FN:17,(anonymous_1)
FN:118,ProductAnalytics
FN:158,(anonymous_3)
FN:303,(anonymous_4)
FN:375,(anonymous_5)
FN:438,(anonymous_6)
FNF:6
FNH:0
FNDA:0,(anonymous_1)
FNDA:0,ProductAnalytics
FNDA:0,(anonymous_3)
FNDA:0,(anonymous_4)
FNDA:0,(anonymous_5)
FNDA:0,(anonymous_6)
DA:3,0
DA:4,0
DA:5,0
DA:6,0
DA:7,0
DA:8,0
DA:9,0
DA:10,0
DA:11,0
DA:17,0
DA:118,0
DA:119,0
DA:120,0
DA:121,0
DA:123,0
DA:159,0
DA:304,0
DA:376,0
DA:439,0
LF:19
LH:0
BRDA:21,0,0,0
BRDA:21,0,1,0
BRDA:21,1,0,0
BRDA:21,1,1,0
BRDA:22,2,0,0
BRDA:22,2,1,0
BRDA:22,3,0,0
BRDA:22,3,1,0
BRDA:33,4,0,0
BRDA:33,4,1,0
BRDA:33,5,0,0
BRDA:33,5,1,0
BRDA:34,6,0,0
BRDA:34,6,1,0
BRDA:34,7,0,0
BRDA:34,7,1,0
BRDA:45,8,0,0
BRDA:45,8,1,0
BRDA:45,9,0,0
BRDA:45,9,1,0
BRDA:46,10,0,0
BRDA:46,10,1,0
BRDA:46,11,0,0
BRDA:46,11,1,0
BRDA:58,12,0,0
BRDA:58,12,1,0
BRDA:58,13,0,0
BRDA:58,13,1,0
BRDA:67,14,0,0
BRDA:67,14,1,0
BRDA:67,15,0,0
BRDA:67,15,1,0
BRDA:76,16,0,0
BRDA:76,16,1,0
BRDA:76,17,0,0
BRDA:76,17,1,0
BRDA:85,18,0,0
BRDA:85,18,1,0
BRDA:85,19,0,0
BRDA:85,19,1,0
BRDA:125,20,0,0
BRDA:125,20,1,0
BRDA:125,21,0,0
BRDA:125,21,1,0
BRDA:132,22,0,0
BRDA:132,22,1,0
BRDA:132,23,0,0
BRDA:132,23,1,0
BRDA:139,24,0,0
BRDA:139,24,1,0
BRDA:139,25,0,0
BRDA:139,25,1,0
BRDA:146,26,0,0
BRDA:146,26,1,0
BRDA:146,27,0,0
BRDA:146,27,1,0
BRDA:172,28,0,0
BRDA:176,29,0,0
BRDA:176,29,1,0
BRDA:177,30,0,0
BRDA:177,30,1,0
BRDA:181,31,0,0
BRDA:181,31,1,0
BRDA:181,32,0,0
BRDA:181,32,1,0
BRDA:194,33,0,0
BRDA:194,33,1,0
BRDA:194,34,0,0
BRDA:194,34,1,0
BRDA:202,35,0,0
BRDA:202,35,1,0
BRDA:202,36,0,0
BRDA:202,36,1,0
BRDA:205,37,0,0
BRDA:205,37,1,0
BRDA:205,38,0,0
BRDA:205,38,1,0
BRDA:208,39,0,0
BRDA:208,39,1,0
BRDA:208,40,0,0
BRDA:208,40,1,0
BRDA:217,41,0,0
BRDA:217,41,1,0
BRDA:217,42,0,0
BRDA:217,42,1,0
BRDA:221,43,0,0
BRDA:221,43,1,0
BRDA:221,44,0,0
BRDA:221,44,1,0
BRDA:225,45,0,0
BRDA:225,45,1,0
BRDA:225,46,0,0
BRDA:225,46,1,0
BRDA:240,47,0,0
BRDA:240,47,1,0
BRDA:240,48,0,0
BRDA:240,48,1,0
BRDA:241,49,0,0
BRDA:241,49,1,0
BRDA:241,50,0,0
BRDA:241,50,1,0
BRDA:254,51,0,0
BRDA:254,51,1,0
BRDA:256,52,0,0
BRDA:256,52,1,0
BRDA:265,53,0,0
BRDA:265,53,1,0
BRDA:265,54,0,0
BRDA:265,54,1,0
BRDA:269,55,0,0
BRDA:269,55,1,0
BRDA:269,56,0,0
BRDA:269,56,1,0
BRDA:294,57,0,0
BRDA:294,57,1,0
BRDA:296,58,0,0
BRDA:296,58,1,0
BRDA:324,59,0,0
BRDA:324,59,1,0
BRDA:324,60,0,0
BRDA:324,60,1,0
BRDA:330,61,0,0
BRDA:330,61,1,0
BRDA:330,62,0,0
BRDA:330,62,1,0
BRDA:336,63,0,0
BRDA:336,63,1,0
BRDA:336,64,0,0
BRDA:336,64,1,0
BRDA:342,65,0,0
BRDA:342,65,1,0
BRDA:342,66,0,0
BRDA:342,66,1,0
BRDA:354,67,0,0
BRDA:354,67,1,0
BRDA:354,68,0,0
BRDA:354,68,1,0
BRDA:370,69,0,0
BRDA:370,69,1,0
BRDA:370,70,0,0
BRDA:370,70,1,0
BRDA:386,71,0,0
BRDA:386,71,1,0
BRDA:386,72,0,0
BRDA:386,72,1,0
BRDA:390,73,0,0
BRDA:390,73,1,0
BRDA:390,74,0,0
BRDA:390,74,1,0
BRDA:406,75,0,0
BRDA:406,75,1,0
BRDA:406,76,0,0
BRDA:406,76,1,0
BRDA:415,77,0,0
BRDA:415,77,1,0
BRDA:415,78,0,0
BRDA:415,78,1,0
BRDA:418,79,0,0
BRDA:418,79,1,0
BRDA:418,80,0,0
BRDA:418,80,1,0
BRDA:421,81,0,0
BRDA:421,81,1,0
BRDA:421,82,0,0
BRDA:421,82,1,0
BRDA:424,83,0,0
BRDA:424,83,1,0
BRDA:424,84,0,0
BRDA:424,84,1,0
BRDA:427,85,0,0
BRDA:427,85,1,0
BRDA:427,86,0,0
BRDA:427,86,1,0
BRDA:430,87,0,0
BRDA:430,87,1,0
BRDA:430,88,0,0
BRDA:430,88,1,0
BRDA:433,89,0,0
BRDA:433,89,1,0
BRDA:433,90,0,0
BRDA:433,90,1,0
BRDA:449,91,0,0
BRDA:449,91,1,0
BRDA:451,92,0,0
BRDA:451,92,1,0
BRF:185
BRH:0
end_of_record
TN:
SF:app\admin\analytics\components\revenue-breakdown.tsx
FN:13,(anonymous_1)
FN:60,RevenueBreakdown
FN:90,(anonymous_3)
FN:95,(anonymous_4)
FN:104,(anonymous_5)
FN:135,(anonymous_6)
FNF:6
FNH:0
FNDA:0,(anonymous_1)
FNDA:0,RevenueBreakdown
FNDA:0,(anonymous_3)
FNDA:0,(anonymous_4)
FNDA:0,(anonymous_5)
FNDA:0,(anonymous_6)
DA:3,0
DA:4,0
DA:5,0
DA:6,0
DA:7,0
DA:13,0
DA:60,0
DA:61,0
DA:62,0
DA:91,0
DA:95,0
DA:105,0
DA:136,0
LF:13
LH:0
BRDA:16,0,0,0
BRDA:16,0,1,0
BRDA:16,1,0,0
BRDA:16,1,1,0
BRDA:23,2,0,0
BRDA:23,2,1,0
BRDA:23,3,0,0
BRDA:23,3,1,0
BRDA:30,4,0,0
BRDA:30,4,1,0
BRDA:30,5,0,0
BRDA:30,5,1,0
BRDA:37,6,0,0
BRDA:37,6,1,0
BRDA:37,7,0,0
BRDA:37,7,1,0
BRDA:68,8,0,0
BRDA:68,8,1,0
BRDA:68,9,0,0
BRDA:68,9,1,0
BRDA:76,10,0,0
BRDA:76,10,1,0
BRDA:76,11,0,0
BRDA:76,11,1,0
BRDA:97,12,0,0
BRDA:97,12,1,0
BRDA:97,13,0,0
BRDA:97,13,1,0
BRDA:114,14,0,0
BRDA:118,15,0,0
BRDA:118,15,1,0
BRDA:119,16,0,0
BRDA:119,16,1,0
BRDA:132,17,0,0
BRDA:132,17,1,0
BRDA:132,18,0,0
BRDA:132,18,1,0
BRDA:160,19,0,0
BRDA:160,19,1,0
BRDA:160,20,0,0
BRDA:160,20,1,0
BRDA:165,21,0,0
BRDA:165,21,1,0
BRDA:165,22,0,0
BRDA:165,22,1,0
BRDA:169,23,0,0
BRDA:169,23,1,0
BRDA:169,24,0,0
BRDA:169,24,1,0
BRF:49
BRH:0
end_of_record
TN:
SF:app\admin\analytics\components\sales-analytics.tsx
FN:29,(anonymous_1)
FN:121,SalesAnalytics
FN:162,(anonymous_3)
FN:272,(anonymous_4)
FN:277,(anonymous_5)
FN:286,(anonymous_6)
FN:313,(anonymous_7)
FNF:7
FNH:0
FNDA:0,(anonymous_1)
FNDA:0,SalesAnalytics
FNDA:0,(anonymous_3)
FNDA:0,(anonymous_4)
FNDA:0,(anonymous_5)
FNDA:0,(anonymous_6)
FNDA:0,(anonymous_7)
DA:3,0
DA:4,0
DA:5,0
DA:19,0
DA:20,0
DA:21,0
DA:22,0
DA:29,0
DA:30,0
DA:40,0
DA:67,0
DA:94,0
DA:103,0
DA:121,0
DA:122,0
DA:123,0
DA:125,0
DA:127,0
DA:163,0
DA:273,0
DA:277,0
DA:287,0
DA:314,0
LF:23
LH:0
BRDA:42,0,0,0
BRDA:42,0,1,0
BRDA:42,1,0,0
BRDA:42,1,1,0
BRDA:48,2,0,0
BRDA:48,2,1,0
BRDA:48,3,0,0
BRDA:48,3,1,0
BRDA:54,4,0,0
BRDA:54,4,1,0
BRDA:54,5,0,0
BRDA:54,5,1,0
BRDA:60,6,0,0
BRDA:60,6,1,0
BRDA:60,7,0,0
BRDA:60,7,1,0
BRDA:70,8,0,0
BRDA:70,8,1,0
BRDA:70,9,0,0
BRDA:70,9,1,0
BRDA:71,10,0,0
BRDA:71,10,1,0
BRDA:71,11,0,0
BRDA:71,11,1,0
BRDA:78,12,0,0
BRDA:78,12,1,0
BRDA:78,13,0,0
BRDA:78,13,1,0
BRDA:79,14,0,0
BRDA:79,14,1,0
BRDA:79,15,0,0
BRDA:79,15,1,0
BRDA:86,16,0,0
BRDA:86,16,1,0
BRDA:86,17,0,0
BRDA:86,17,1,0
BRDA:87,18,0,0
BRDA:87,18,1,0
BRDA:87,19,0,0
BRDA:87,19,1,0
BRDA:129,20,0,0
BRDA:129,20,1,0
BRDA:129,21,0,0
BRDA:129,21,1,0
BRDA:136,22,0,0
BRDA:136,22,1,0
BRDA:136,23,0,0
BRDA:136,23,1,0
BRDA:143,24,0,0
BRDA:143,24,1,0
BRDA:143,25,0,0
BRDA:143,25,1,0
BRDA:150,26,0,0
BRDA:150,26,1,0
BRDA:150,27,0,0
BRDA:150,27,1,0
BRDA:176,28,0,0
BRDA:180,29,0,0
BRDA:180,29,1,0
BRDA:181,30,0,0
BRDA:181,30,1,0
BRDA:185,31,0,0
BRDA:185,31,1,0
BRDA:185,32,0,0
BRDA:185,32,1,0
BRDA:198,33,0,0
BRDA:198,33,1,0
BRDA:198,34,0,0
BRDA:198,34,1,0
BRDA:206,35,0,0
BRDA:206,35,1,0
BRDA:206,36,0,0
BRDA:206,36,1,0
BRDA:209,37,0,0
BRDA:209,37,1,0
BRDA:209,38,0,0
BRDA:209,38,1,0
BRDA:211,39,0,0
BRDA:211,39,1,0
BRDA:211,40,0,0
BRDA:211,40,1,0
BRDA:219,41,0,0
BRDA:219,41,1,0
BRDA:219,42,0,0
BRDA:219,42,1,0
BRDA:223,43,0,0
BRDA:223,43,1,0
BRDA:223,44,0,0
BRDA:223,44,1,0
BRDA:227,45,0,0
BRDA:227,45,1,0
BRDA:227,46,0,0
BRDA:227,46,1,0
BRDA:242,47,0,0
BRDA:242,47,1,0
BRDA:242,48,0,0
BRDA:242,48,1,0
BRDA:243,49,0,0
BRDA:243,49,1,0
BRDA:243,50,0,0
BRDA:243,50,1,0
BRDA:256,51,0,0
BRDA:256,51,1,0
BRDA:256,52,0,0
BRDA:256,52,1,0
BRDA:279,53,0,0
BRDA:279,53,1,0
BRDA:279,54,0,0
BRDA:279,54,1,0
BRDA:308,55,0,0
BRDA:308,55,1,0
BRDA:308,56,0,0
BRDA:308,56,1,0
BRDA:342,57,0,0
BRDA:342,57,1,0
BRDA:342,58,0,0
BRDA:342,58,1,0
BRDA:349,59,0,0
BRDA:349,59,1,0
BRDA:349,60,0,0
BRDA:349,60,1,0
BRDA:353,61,0,0
BRDA:353,61,1,0
BRDA:353,62,0,0
BRDA:353,62,1,0
BRF:125
BRH:0
end_of_record
TN:
SF:app\admin\analytics\components\user-behavior-analytics.tsx
FN:15,(anonymous_1)
FN:115,UserBehaviorAnalytics
FN:154,(anonymous_3)
FN:238,(anonymous_4)
FN:277,(anonymous_5)
FN:329,(anonymous_6)
FN:348,(anonymous_7)
FN:376,(anonymous_8)
FNF:8
FNH:0
FNDA:0,(anonymous_1)
FNDA:0,UserBehaviorAnalytics
FNDA:0,(anonymous_3)
FNDA:0,(anonymous_4)
FNDA:0,(anonymous_5)
FNDA:0,(anonymous_6)
FNDA:0,(anonymous_7)
FNDA:0,(anonymous_8)
DA:3,0
DA:4,0
DA:5,0
DA:6,0
DA:7,0
DA:8,0
DA:9,0
DA:15,0
DA:115,0
DA:116,0
DA:117,0
DA:119,0
DA:155,0
DA:239,0
DA:278,0
DA:330,0
DA:349,0
DA:378,0
DA:379,0
DA:381,0
LF:20
LH:0
BRDA:26,0,0,0
BRDA:26,0,1,0
BRDA:26,1,0,0
BRDA:26,1,1,0
BRDA:27,2,0,0
BRDA:27,2,1,0
BRDA:27,3,0,0
BRDA:27,3,1,0
BRDA:28,4,0,0
BRDA:28,4,1,0
BRDA:28,5,0,0
BRDA:28,5,1,0
BRDA:33,6,0,0
BRDA:33,6,1,0
BRDA:33,7,0,0
BRDA:33,7,1,0
BRDA:41,8,0,0
BRDA:41,8,1,0
BRDA:41,9,0,0
BRDA:41,9,1,0
BRDA:49,10,0,0
BRDA:49,10,1,0
BRDA:49,11,0,0
BRDA:49,11,1,0
BRDA:57,12,0,0
BRDA:57,12,1,0
BRDA:57,13,0,0
BRDA:57,13,1,0
BRDA:65,14,0,0
BRDA:65,14,1,0
BRDA:65,15,0,0
BRDA:65,15,1,0
BRDA:66,16,0,0
BRDA:66,16,1,0
BRDA:66,17,0,0
BRDA:66,17,1,0
BRDA:68,18,0,0
BRDA:68,18,1,0
BRDA:68,19,0,0
BRDA:68,19,1,0
BRDA:73,20,0,0
BRDA:73,20,1,0
BRDA:73,21,0,0
BRDA:73,21,1,0
BRDA:77,22,0,0
BRDA:77,22,1,0
BRDA:77,23,0,0
BRDA:77,23,1,0
BRDA:80,24,0,0
BRDA:80,24,1,0
BRDA:80,25,0,0
BRDA:80,25,1,0
BRDA:81,26,0,0
BRDA:81,26,1,0
BRDA:81,27,0,0
BRDA:81,27,1,0
BRDA:83,28,0,0
BRDA:83,28,1,0
BRDA:83,29,0,0
BRDA:83,29,1,0
BRDA:88,30,0,0
BRDA:88,30,1,0
BRDA:88,31,0,0
BRDA:88,31,1,0
BRDA:102,32,0,0
BRDA:102,32,1,0
BRDA:102,33,0,0
BRDA:102,33,1,0
BRDA:104,34,0,0
BRDA:104,34,1,0
BRDA:104,35,0,0
BRDA:104,35,1,0
BRDA:108,36,0,0
BRDA:108,36,1,0
BRDA:108,37,0,0
BRDA:108,37,1,0
BRDA:109,38,0,0
BRDA:109,38,1,0
BRDA:109,39,0,0
BRDA:109,39,1,0
BRDA:110,40,0,0
BRDA:110,40,1,0
BRDA:110,41,0,0
BRDA:110,41,1,0
BRDA:121,42,0,0
BRDA:121,42,1,0
BRDA:121,43,0,0
BRDA:121,43,1,0
BRDA:128,44,0,0
BRDA:128,44,1,0
BRDA:128,45,0,0
BRDA:128,45,1,0
BRDA:135,46,0,0
BRDA:135,46,1,0
BRDA:135,47,0,0
BRDA:135,47,1,0
BRDA:142,48,0,0
BRDA:142,48,1,0
BRDA:142,49,0,0
BRDA:142,49,1,0
BRDA:167,50,0,0
BRDA:167,50,1,0
BRDA:168,51,0,0
BRDA:168,51,1,0
BRDA:172,52,0,0
BRDA:172,52,1,0
BRDA:172,53,0,0
BRDA:172,53,1,0
BRDA:185,54,0,0
BRDA:185,54,1,0
BRDA:185,55,0,0
BRDA:185,55,1,0
BRDA:192,56,0,0
BRDA:192,56,1,0
BRDA:192,57,0,0
BRDA:192,57,1,0
BRDA:196,58,0,0
BRDA:196,58,1,0
BRDA:196,59,0,0
BRDA:196,59,1,0
BRDA:234,60,0,0
BRDA:234,60,1,0
BRDA:234,61,0,0
BRDA:234,61,1,0
BRDA:245,62,0,0
BRDA:242,63,0,0
BRDA:242,63,1,0
BRDA:242,63,2,0
BRDA:249,64,0,0
BRDA:246,65,0,0
BRDA:246,65,1,0
BRDA:246,65,2,0
BRDA:272,66,0,0
BRDA:272,66,1,0
BRDA:272,67,0,0
BRDA:272,67,1,0
BRDA:282,68,0,0
BRDA:282,68,1,0
BRDA:282,69,0,0
BRDA:282,69,1,0
BRDA:284,70,0,0
BRDA:284,70,1,0
BRDA:286,71,0,0
BRDA:286,71,1,0
BRDA:298,72,0,0
BRDA:298,72,1,0
BRDA:298,73,0,0
BRDA:298,73,1,0
BRDA:304,74,0,0
BRDA:304,74,1,0
BRDA:304,75,0,0
BRDA:304,75,1,0
BRDA:310,76,0,0
BRDA:310,76,1,0
BRDA:310,77,0,0
BRDA:310,77,1,0
BRDA:325,78,0,0
BRDA:325,78,1,0
BRDA:325,79,0,0
BRDA:325,79,1,0
BRDA:345,80,0,0
BRDA:345,80,1,0
BRDA:345,81,0,0
BRDA:345,81,1,0
BRDA:367,82,0,0
BRDA:367,82,1,0
BRDA:369,83,0,0
BRDA:369,83,1,0
BRDA:378,84,0,0
BRDA:378,84,1,0
BRDA:379,85,0,0
BRDA:379,85,1,0
BRDA:396,86,0,0
BRDA:396,86,1,0
BRDA:396,87,0,0
BRDA:396,87,1,0
BRDA:403,88,0,0
BRDA:406,89,0,0
BRDA:406,89,1,0
BRDA:406,90,0,0
BRDA:406,90,1,0
BRDA:410,91,0,0
BRDA:410,91,1,0
BRDA:410,92,0,0
BRDA:410,92,1,0
BRF:185
BRH:0
end_of_record
TN:
SF:app\admin\banners\page.tsx
FN:36,BannersPage
FN:52,(anonymous_3)
FN:69,(anonymous_4)
FN:74,(anonymous_5)
FN:89,(anonymous_6)
FN:103,(anonymous_7)
FN:141,(anonymous_8)
FN:163,(anonymous_9)
FN:177,(anonymous_10)
FN:205,(anonymous_11)
FN:225,(anonymous_12)
FN:225,(anonymous_13)
FN:235,(anonymous_14)
FN:235,(anonymous_15)
FN:246,(anonymous_16)
FN:246,(anonymous_17)
FN:258,(anonymous_18)
FN:284,(anonymous_19)
FN:284,(anonymous_20)
FN:292,(anonymous_21)
FN:292,(anonymous_22)
FN:313,(anonymous_23)
FN:350,(anonymous_24)
FN:359,(anonymous_25)
FNF:24
FNH:0
FNDA:0,BannersPage
FNDA:0,(anonymous_3)
FNDA:0,(anonymous_4)
FNDA:0,(anonymous_5)
FNDA:0,(anonymous_6)
FNDA:0,(anonymous_7)
FNDA:0,(anonymous_8)
FNDA:0,(anonymous_9)
FNDA:0,(anonymous_10)
FNDA:0,(anonymous_11)
FNDA:0,(anonymous_12)
FNDA:0,(anonymous_13)
FNDA:0,(anonymous_14)
FNDA:0,(anonymous_15)
FNDA:0,(anonymous_16)
FNDA:0,(anonymous_17)
FNDA:0,(anonymous_18)
FNDA:0,(anonymous_19)
FNDA:0,(anonymous_20)
FNDA:0,(anonymous_21)
FNDA:0,(anonymous_22)
FNDA:0,(anonymous_23)
FNDA:0,(anonymous_24)
FNDA:0,(anonymous_25)
DA:3,0
DA:4,0
DA:5,0
DA:6,0
DA:8,0
DA:9,0
DA:10,0
DA:11,0
DA:12,0
DA:13,0
DA:36,0
DA:37,0
DA:38,0
DA:39,0
DA:40,0
DA:41,0
DA:42,0
DA:52,0
DA:53,0
DA:54,0
DA:55,0
DA:56,0
DA:57,0
DA:59,0
DA:62,0
DA:63,0
DA:65,0
DA:69,0
DA:70,0
DA:74,0
DA:75,0
DA:77,0
DA:78,0
DA:79,0
DA:81,0
DA:82,0
DA:87,0
DA:88,0
DA:89,0
DA:90,0
DA:92,0
DA:95,0
DA:96,0
DA:98,0
DA:103,0
DA:104,0
DA:106,0
DA:107,0
DA:108,0
DA:111,0
DA:112,0
DA:113,0
DA:114,0
DA:118,0
DA:126,0
DA:127,0
DA:128,0
DA:129,0
DA:130,0
DA:132,0
DA:135,0
DA:136,0
DA:141,0
DA:142,0
DA:144,0
DA:145,0
DA:149,0
DA:150,0
DA:151,0
DA:152,0
DA:154,0
DA:157,0
DA:158,0
DA:163,0
DA:164,0
DA:172,0
DA:173,0
DA:177,0
DA:178,0
DA:186,0
DA:187,0
DA:190,0
DA:205,0
DA:225,0
DA:235,0
DA:246,0
DA:259,0
DA:260,0
DA:284,0
DA:292,0
DA:314,0
DA:350,0
DA:359,0
LF:93
LH:0
BRDA:56,0,0,0
BRDA:56,0,1,0
BRDA:75,1,0,0
BRDA:88,2,0,0
BRDA:88,2,1,0
BRDA:106,3,0,0
BRDA:106,4,0,0
BRDA:106,4,1,0
BRDA:112,5,0,0
BRDA:112,5,1,0
BRDA:113,6,0,0
BRDA:113,6,1,0
BRDA:114,7,0,0
BRDA:114,7,1,0
BRDA:127,8,0,0
BRDA:127,8,1,0
BRDA:128,9,0,0
BRDA:128,9,1,0
BRDA:132,10,0,0
BRDA:132,10,1,0
BRDA:142,11,0,0
BRDA:150,12,0,0
BRDA:150,12,1,0
BRDA:154,13,0,0
BRDA:154,13,1,0
BRDA:180,14,0,0
BRDA:180,14,1,0
BRDA:182,15,0,0
BRDA:182,15,1,0
BRDA:190,16,0,0
BRDA:212,17,0,0
BRDA:215,18,0,0
BRDA:215,18,1,0
BRDA:260,19,0,0
BRDA:264,20,0,0
BRDA:284,21,0,0
BRDA:284,21,1,0
BRDA:300,22,0,0
BRDA:300,22,1,0
BRDA:300,23,0,0
BRDA:300,23,1,0
BRDA:328,24,0,0
BRDA:328,24,1,0
BRDA:330,25,0,0
BRDA:337,26,0,0
BRDA:370,27,0,0
BRF:46
BRH:0
end_of_record
TN:
SF:app\admin\customers\page.tsx
FN:98,(anonymous_5)
FN:106,(anonymous_6)
FN:108,(anonymous_7)
FN:124,(anonymous_8)
FN:134,(anonymous_9)
FN:143,(anonymous_10)
FN:153,(anonymous_11)
FN:161,(anonymous_12)
FN:163,(anonymous_13)
FN:164,(anonymous_14)
FN:165,(anonymous_15)
FN:172,(anonymous_16)
FN:177,(anonymous_17)
FN:181,(anonymous_18)
FN:188,(anonymous_19)
FN:196,(anonymous_20)
FN:207,(anonymous_21)
FN:215,(anonymous_22)
FN:226,(anonymous_23)
FN:229,(anonymous_24)
FN:312,(anonymous_25)
FN:394,(anonymous_26)
FN:396,(anonymous_27)
FN:415,(anonymous_28)
FN:424,(anonymous_29)
FN:428,(anonymous_30)
FN:438,(anonymous_31)
FNF:27
FNH:0
FNDA:0,(anonymous_5)
FNDA:0,(anonymous_6)
FNDA:0,(anonymous_7)
FNDA:0,(anonymous_8)
FNDA:0,(anonymous_9)
FNDA:0,(anonymous_10)
FNDA:0,(anonymous_11)
FNDA:0,(anonymous_12)
FNDA:0,(anonymous_13)
FNDA:0,(anonymous_14)
FNDA:0,(anonymous_15)
FNDA:0,(anonymous_16)
FNDA:0,(anonymous_17)
FNDA:0,(anonymous_18)
FNDA:0,(anonymous_19)
FNDA:0,(anonymous_20)
FNDA:0,(anonymous_21)
FNDA:0,(anonymous_22)
FNDA:0,(anonymous_23)
FNDA:0,(anonymous_24)
FNDA:0,(anonymous_25)
FNDA:0,(anonymous_26)
FNDA:0,(anonymous_27)
FNDA:0,(anonymous_28)
FNDA:0,(anonymous_29)
FNDA:0,(anonymous_30)
FNDA:0,(anonymous_31)
DA:3,0
DA:4,0
DA:5,0
DA:6,0
DA:7,0
DA:8,0
DA:9,0
DA:10,0
DA:11,0
DA:12,0
DA:31,0
DA:98,0
DA:99,0
DA:100,0
DA:101,0
DA:102,0
DA:103,0
DA:104,0
DA:106,0
DA:108,0
DA:109,0
DA:110,0
DA:114,0
DA:116,0
DA:117,0
DA:124,0
DA:125,0
DA:128,0
DA:129,0
DA:131,0
DA:134,0
DA:135,0
DA:140,0
DA:143,0
DA:144,0
DA:150,0
DA:153,0
DA:154,0
DA:161,0
DA:162,0
DA:163,0
DA:164,0
DA:165,0
DA:167,0
DA:170,0
DA:172,0
DA:173,0
DA:174,0
DA:177,0
DA:178,0
DA:180,0
DA:181,0
DA:182,0
DA:183,0
DA:184,0
DA:188,0
DA:189,0
DA:195,0
DA:196,0
DA:197,0
DA:201,0
DA:202,0
DA:203,0
DA:207,0
DA:208,0
DA:214,0
DA:215,0
DA:216,0
DA:220,0
DA:221,0
DA:222,0
DA:226,0
DA:227,0
DA:230,0
DA:234,0
DA:235,0
DA:236,0
DA:237,0
DA:238,0
DA:239,0
DA:240,0
DA:241,0
DA:242,0
DA:245,0
DA:248,0
DA:249,0
DA:253,0
DA:312,0
DA:395,0
DA:396,0
DA:398,0
DA:416,0
DA:417,0
DA:425,0
DA:426,0
DA:428,0
DA:438,0
DA:523,0
LF:98
LH:0
BRDA:125,0,0,0
BRDA:125,0,1,0
BRDA:125,0,2,0
BRDA:125,0,3,0
BRDA:128,1,0,0
BRDA:128,1,1,0
BRDA:129,2,0,0
BRDA:129,2,1,0
BRDA:131,3,0,0
BRDA:131,3,1,0
BRDA:131,3,2,0
BRDA:140,4,0,0
BRDA:140,4,1,0
BRDA:150,5,0,0
BRDA:150,5,1,0
BRDA:165,6,0,0
BRDA:165,6,1,0
BRDA:174,7,0,0
BRDA:174,7,1,0
BRDA:174,7,2,0
BRDA:174,7,3,0
BRDA:174,7,4,0
BRDA:197,8,0,0
BRDA:197,8,1,0
BRDA:216,9,0,0
BRDA:216,9,1,0
BRDA:230,10,0,0
BRDA:230,10,1,0
BRDA:230,11,0,0
BRDA:230,11,1,0
BRDA:253,12,0,0
BRDA:393,13,0,0
BRDA:393,13,1,0
BRDA:395,14,0,0
BRDA:395,14,1,0
BRDA:419,15,0,0
BRDA:419,15,1,0
BRDA:425,16,0,0
BRDA:425,16,1,0
BRDA:445,17,0,0
BRDA:445,17,1,0
BRDA:456,18,0,0
BRDA:467,19,0,0
BRDA:511,20,0,0
BRF:44
BRH:0
end_of_record
TN:
SF:app\admin\dashboard\page.tsx
FN:39,(anonymous_5)
FN:44,(anonymous_6)
FN:46,(anonymous_7)
FN:70,(anonymous_8)
FN:194,(anonymous_9)
FNF:5
FNH:0
FNDA:0,(anonymous_5)
FNDA:0,(anonymous_6)
FNDA:0,(anonymous_7)
FNDA:0,(anonymous_8)
FNDA:0,(anonymous_9)
DA:3,0
DA:4,0
DA:5,0
DA:6,0
DA:7,0
DA:8,0
DA:9,0
DA:10,0
DA:11,0
DA:12,0
DA:15,0
DA:30,0
DA:39,0
DA:40,0
DA:41,0
DA:42,0
DA:44,0
DA:46,0
DA:47,0
DA:54,0
DA:56,0
DA:57,0
DA:61,0
DA:64,0
DA:71,0
DA:195,0
DA:234,0
LF:27
LH:0
BRDA:64,0,0,0
BRDA:198,1,0,0
BRDA:198,1,1,0
BRDA:199,2,0,0
BRDA:199,2,1,0
BRDA:200,3,0,0
BRDA:200,3,1,0
BRF:7
BRH:0
end_of_record
TN:
SF:app\admin\orders\page.tsx
FN:95,(anonymous_5)
FN:103,(anonymous_6)
FN:105,(anonymous_7)
FN:121,(anonymous_8)
FN:149,(anonymous_9)
FN:160,(anonymous_10)
FN:170,(anonymous_11)
FN:171,(anonymous_12)
FN:185,(anonymous_13)
FN:189,(anonymous_14)
FN:189,(anonymous_15)
FN:197,(anonymous_16)
FN:197,(anonymous_17)
FN:205,(anonymous_18)
FN:205,(anonymous_19)
FN:213,(anonymous_20)
FN:213,(anonymous_21)
FN:241,(anonymous_22)
FN:247,(anonymous_23)
FN:312,(anonymous_24)
FN:318,(anonymous_25)
FN:331,(anonymous_26)
FN:377,(anonymous_27)
FN:379,(anonymous_28)
FN:396,(anonymous_29)
FN:401,(anonymous_30)
FN:403,(anonymous_31)
FN:405,(anonymous_32)
FN:405,(anonymous_33)
FNF:29
FNH:0
FNDA:0,(anonymous_5)
FNDA:0,(anonymous_6)
FNDA:0,(anonymous_7)
FNDA:0,(anonymous_8)
FNDA:0,(anonymous_9)
FNDA:0,(anonymous_10)
FNDA:0,(anonymous_11)
FNDA:0,(anonymous_12)
FNDA:0,(anonymous_13)
FNDA:0,(anonymous_14)
FNDA:0,(anonymous_15)
FNDA:0,(anonymous_16)
FNDA:0,(anonymous_17)
FNDA:0,(anonymous_18)
FNDA:0,(anonymous_19)
FNDA:0,(anonymous_20)
FNDA:0,(anonymous_21)
FNDA:0,(anonymous_22)
FNDA:0,(anonymous_23)
FNDA:0,(anonymous_24)
FNDA:0,(anonymous_25)
FNDA:0,(anonymous_26)
FNDA:0,(anonymous_27)
FNDA:0,(anonymous_28)
FNDA:0,(anonymous_29)
FNDA:0,(anonymous_30)
FNDA:0,(anonymous_31)
FNDA:0,(anonymous_32)
FNDA:0,(anonymous_33)
DA:3,0
DA:4,0
DA:5,0
DA:6,0
DA:7,0
DA:8,0
DA:9,0
DA:10,0
DA:11,0
DA:12,0
DA:36,0
DA:95,0
DA:96,0
DA:97,0
DA:98,0
DA:99,0
DA:100,0
DA:101,0
DA:103,0
DA:105,0
DA:106,0
DA:107,0
DA:111,0
DA:113,0
DA:114,0
DA:121,0
DA:122,0
DA:125,0
DA:127,0
DA:128,0
DA:129,0
DA:130,0
DA:131,0
DA:133,0
DA:135,0
DA:136,0
DA:138,0
DA:139,0
DA:141,0
DA:142,0
DA:146,0
DA:149,0
DA:150,0
DA:157,0
DA:160,0
DA:161,0
DA:170,0
DA:171,0
DA:174,0
DA:185,0
DA:186,0
DA:187,0
DA:189,0
DA:190,0
DA:191,0
DA:194,0
DA:195,0
DA:197,0
DA:198,0
DA:202,0
DA:203,0
DA:205,0
DA:206,0
DA:210,0
DA:211,0
DA:213,0
DA:214,0
DA:218,0
DA:219,0
DA:222,0
DA:223,0
DA:225,0
DA:227,0
DA:241,0
DA:247,0
DA:312,0
DA:318,0
DA:331,0
DA:378,0
DA:379,0
DA:381,0
DA:397,0
DA:402,0
DA:403,0
DA:405,0
DA:469,0
LF:86
LH:0
BRDA:122,0,0,0
BRDA:122,0,1,0
BRDA:122,0,2,0
BRDA:125,1,0,0
BRDA:125,1,1,0
BRDA:128,2,0,0
BRDA:133,3,0,0
BRDA:133,3,1,0
BRDA:133,3,2,0
BRDA:146,4,0,0
BRDA:146,4,1,0
BRDA:146,4,2,0
BRDA:157,5,0,0
BRDA:157,5,1,0
BRDA:174,6,0,0
BRDA:187,7,0,0
BRDA:187,7,1,0
BRDA:187,7,2,0
BRDA:187,7,3,0
BRDA:187,7,4,0
BRDA:187,7,5,0
BRDA:198,8,0,0
BRDA:198,8,1,0
BRDA:206,9,0,0
BRDA:206,9,1,0
BRDA:214,10,0,0
BRDA:214,10,1,0
BRDA:376,11,0,0
BRDA:376,11,1,0
BRDA:378,12,0,0
BRDA:378,12,1,0
BRDA:402,13,0,0
BRDA:402,13,1,0
BRDA:427,14,0,0
BRDA:427,14,1,0
BRDA:457,15,0,0
BRF:36
BRH:0
end_of_record
TN:
SF:app\admin\products\page.tsx
FN:40,(anonymous_5)
FN:50,(anonymous_6)
FN:51,(anonymous_7)
FN:83,(anonymous_8)
FN:95,(anonymous_9)
FN:105,(anonymous_10)
FN:111,(anonymous_11)
FN:120,(anonymous_12)
FN:132,(anonymous_13)
FN:137,(anonymous_14)
FN:141,(anonymous_15)
FN:148,(anonymous_16)
FN:156,(anonymous_17)
FN:167,(anonymous_18)
FN:170,(anonymous_19)
FN:187,(anonymous_20)
FN:256,(anonymous_21)
FN:279,(anonymous_22)
FN:339,(anonymous_23)
FN:341,(anonymous_24)
FN:367,(anonymous_25)
FN:377,(anonymous_26)
FN:381,(anonymous_27)
FN:394,(anonymous_28)
FN:438,(anonymous_29)
FNF:25
FNH:0
FNDA:0,(anonymous_5)
FNDA:0,(anonymous_6)
FNDA:0,(anonymous_7)
FNDA:0,(anonymous_8)
FNDA:0,(anonymous_9)
FNDA:0,(anonymous_10)
FNDA:0,(anonymous_11)
FNDA:0,(anonymous_12)
FNDA:0,(anonymous_13)
FNDA:0,(anonymous_14)
FNDA:0,(anonymous_15)
FNDA:0,(anonymous_16)
FNDA:0,(anonymous_17)
FNDA:0,(anonymous_18)
FNDA:0,(anonymous_19)
FNDA:0,(anonymous_20)
FNDA:0,(anonymous_21)
FNDA:0,(anonymous_22)
FNDA:0,(anonymous_23)
FNDA:0,(anonymous_24)
FNDA:0,(anonymous_25)
FNDA:0,(anonymous_26)
FNDA:0,(anonymous_27)
FNDA:0,(anonymous_28)
FNDA:0,(anonymous_29)
DA:3,0
DA:4,0
DA:5,0
DA:6,0
DA:7,0
DA:8,0
DA:9,0
DA:10,0
DA:11,0
DA:12,0
DA:13,0
DA:14,0
DA:40,0
DA:41,0
DA:42,0
DA:43,0
DA:44,0
DA:45,0
DA:46,0
DA:47,0
DA:48,0
DA:50,0
DA:51,0
DA:52,0
DA:53,0
DA:54,0
DA:57,0
DA:58,0
DA:59,0
DA:61,0
DA:64,0
DA:65,0
DA:66,0
DA:68,0
DA:70,0
DA:71,0
DA:73,0
DA:74,0
DA:76,0
DA:80,0
DA:83,0
DA:84,0
DA:86,0
DA:90,0
DA:92,0
DA:95,0
DA:96,0
DA:97,0
DA:99,0
DA:100,0
DA:102,0
DA:105,0
DA:106,0
DA:107,0
DA:108,0
DA:111,0
DA:112,0
DA:114,0
DA:115,0
DA:119,0
DA:120,0
DA:121,0
DA:123,0
DA:124,0
DA:127,0
DA:128,0
DA:132,0
DA:133,0
DA:134,0
DA:137,0
DA:138,0
DA:140,0
DA:141,0
DA:142,0
DA:143,0
DA:144,0
DA:148,0
DA:149,0
DA:155,0
DA:156,0
DA:157,0
DA:161,0
DA:162,0
DA:163,0
DA:167,0
DA:168,0
DA:171,0
DA:175,0
DA:176,0
DA:177,0
DA:178,0
DA:179,0
DA:180,0
DA:181,0
DA:182,0
DA:183,0
DA:187,0
DA:188,0
DA:194,0
DA:195,0
DA:196,0
DA:197,0
DA:200,0
DA:203,0
DA:204,0
DA:208,0
DA:219,0
DA:256,0
DA:280,0
DA:340,0
DA:341,0
DA:343,0
DA:368,0
DA:369,0
DA:370,0
DA:378,0
DA:379,0
DA:381,0
DA:395,0
DA:396,0
DA:438,0
DA:466,0
LF:122
LH:0
BRDA:58,0,0,0
BRDA:65,1,0,0
BRDA:70,2,0,0
BRDA:70,2,1,0
BRDA:71,3,0,0
BRDA:71,3,1,0
BRDA:74,4,0,0
BRDA:74,4,1,0
BRDA:84,5,0,0
BRDA:84,5,1,0
BRDA:86,6,0,0
BRDA:86,6,1,0
BRDA:86,6,2,0
BRDA:86,6,3,0
BRDA:86,6,4,0
BRDA:86,6,5,0
BRDA:86,6,6,0
BRDA:90,7,0,0
BRDA:90,7,1,0
BRDA:92,8,0,0
BRDA:92,8,1,0
BRDA:92,8,2,0
BRDA:96,9,0,0
BRDA:99,10,0,0
BRDA:106,11,0,0
BRDA:107,12,0,0
BRDA:112,13,0,0
BRDA:119,14,0,0
BRDA:119,14,1,0
BRDA:134,15,0,0
BRDA:134,15,1,0
BRDA:134,15,2,0
BRDA:134,15,3,0
BRDA:134,15,4,0
BRDA:157,16,0,0
BRDA:157,16,1,0
BRDA:208,17,0,0
BRDA:219,18,0,0
BRDA:338,19,0,0
BRDA:338,19,1,0
BRDA:340,20,0,0
BRDA:340,20,1,0
BRDA:360,21,0,0
BRDA:360,21,1,0
BRDA:368,22,0,0
BRDA:368,22,1,0
BRDA:372,23,0,0
BRDA:372,23,1,0
BRDA:378,24,0,0
BRDA:378,24,1,0
BRDA:453,25,0,0
BRF:51
BRH:0
end_of_record
TN:
SF:app\api\ai\chat\route.ts
FN:8,POST
FN:34,GET
FNF:2
FNH:0
FNDA:0,POST
FNDA:0,GET
DA:1,0
DA:2,0
DA:8,0
DA:9,0
DA:10,0
DA:12,0
DA:13,0
DA:20,0
DA:22,0
DA:25,0
DA:26,0
DA:34,0
DA:35,0
LF:13
LH:0
BRDA:12,0,0,0
BRDA:12,1,0,0
BRDA:12,1,1,0
BRF:3
BRH:0
end_of_record
TN:
SF:app\api\auth\login\route.ts
FN:7,POST
FNF:1
FNH:0
FNDA:0,POST
DA:1,0
DA:3,0
DA:4,0
DA:5,0
DA:7,0
DA:8,0
DA:9,0
DA:10,0
DA:13,0
DA:14,0
DA:21,0
DA:22,0
DA:29,0
DA:35,0
DA:36,0
DA:43,0
DA:44,0
DA:45,0
DA:52,0
DA:58,0
DA:69,0
DA:71,0
DA:81,0
DA:91,0
DA:99,0
DA:101,0
DA:103,0
DA:104,0
LF:28
LH:0
BRDA:13,0,0,0
BRDA:13,1,0,0
BRDA:13,1,1,0
BRDA:21,2,0,0
BRDA:35,3,0,0
BRDA:35,4,0,0
BRDA:35,4,1,0
BRDA:44,5,0,0
BRDA:69,6,0,0
BRDA:69,6,1,0
BRF:10
BRH:0
end_of_record
TN:
SF:app\api\auth\logout\route.ts
FN:3,POST
FN:30,GET
FNF:2
FNH:0
FNDA:0,POST
FNDA:0,GET
DA:1,0
DA:3,0
DA:4,0
DA:6,0
DA:12,0
DA:20,0
DA:22,0
DA:23,0
DA:30,0
DA:32,0
LF:10
LH:0
BRF:0
BRH:0
end_of_record
TN:
SF:app\api\auth\me\route.ts
FN:4,GET
FNF:1
FNH:0
FNDA:0,GET
DA:1,0
DA:2,0
DA:4,0
DA:5,0
DA:6,0
DA:8,0
DA:9,0
DA:15,0
DA:20,0
DA:21,0
LF:10
LH:0
BRDA:8,0,0,0
BRF:1
BRH:0
end_of_record
TN:
SF:app\api\auth\register\route.ts
FN:5,POST
FNF:1
FNH:0
FNDA:0,POST
DA:1,0
DA:2,0
DA:3,0
DA:5,0
DA:6,0
DA:7,0
DA:8,0
DA:11,0
DA:12,0
DA:19,0
DA:20,0
DA:27,0
DA:28,0
DA:29,0
DA:36,0
DA:45,0
DA:46,0
DA:47,0
DA:52,0
DA:53,0
DA:61,0
DA:64,0
DA:82,0
DA:88,0
DA:98,0
DA:106,0
DA:108,0
DA:109,0
LF:28
LH:0
BRDA:11,0,0,0
BRDA:11,1,0,0
BRDA:11,1,1,0
BRDA:11,1,2,0
BRDA:19,2,0,0
BRDA:28,3,0,0
BRDA:40,4,0,0
BRDA:40,4,1,0
BRDA:45,5,0,0
BRDA:46,6,0,0
BRDA:52,7,0,0
BRDA:52,8,0,0
BRDA:52,8,1,0
BRDA:69,9,0,0
BRDA:69,9,1,0
BRF:15
BRH:0
end_of_record
TN:
SF:app\api\banners\route.ts
FN:8,GET
FN:32,POST
FN:78,PUT
FN:125,DELETE
FNF:4
FNH:0
FNDA:0,GET
FNDA:0,POST
FNDA:0,PUT
FNDA:0,DELETE
DA:1,0
DA:2,0
DA:3,0
DA:5,0
DA:8,0
DA:9,0
DA:10,0
DA:11,0
DA:13,0
DA:18,0
DA:23,0
DA:24,0
DA:32,0
DA:33,0
DA:34,0
DA:36,0
DA:37,0
DA:43,0
DA:44,0
DA:46,0
DA:47,0
DA:53,0
DA:64,0
DA:69,0
DA:70,0
DA:78,0
DA:79,0
DA:80,0
DA:82,0
DA:83,0
DA:89,0
DA:90,0
DA:92,0
DA:93,0
DA:99,0
DA:111,0
DA:116,0
DA:117,0
DA:125,0
DA:126,0
DA:127,0
DA:129,0
DA:130,0
DA:136,0
DA:137,0
DA:139,0
DA:140,0
DA:146,0
DA:150,0
DA:155,0
DA:156,0
LF:51
LH:0
BRDA:14,0,0,0
BRDA:14,0,1,0
BRDA:36,1,0,0
BRDA:36,2,0,0
BRDA:36,2,1,0
BRDA:46,3,0,0
BRDA:46,4,0,0
BRDA:46,4,1,0
BRDA:59,5,0,0
BRDA:59,5,1,0
BRDA:60,6,0,0
BRDA:60,6,1,0
BRDA:82,7,0,0
BRDA:82,8,0,0
BRDA:82,8,1,0
BRDA:92,9,0,0
BRDA:129,10,0,0
BRDA:129,11,0,0
BRDA:129,11,1,0
BRDA:139,12,0,0
BRF:20
BRH:0
end_of_record
TN:
SF:app\api\cart\route.ts
FN:6,GET
FN:38,(anonymous_4)
FN:42,(anonymous_5)
FN:59,POST
FNF:4
FNH:0
FNDA:0,GET
FNDA:0,(anonymous_4)
FNDA:0,(anonymous_5)
FNDA:0,POST
DA:1,0
DA:2,0
DA:3,0
DA:6,0
DA:7,0
DA:8,0
DA:9,0
DA:10,0
DA:16,0
DA:38,0
DA:39,0
DA:42,0
DA:44,0
DA:50,0
DA:51,0
DA:59,0
DA:60,0
DA:61,0
DA:62,0
DA:63,0
DA:69,0
DA:70,0
DA:72,0
DA:73,0
DA:79,0
DA:80,0
DA:87,0
DA:91,0
DA:92,0
DA:98,0
DA:99,0
DA:106,0
DA:116,0
DA:118,0
DA:140,0
DA:161,0
DA:169,0
DA:170,0
LF:38
LH:0
BRDA:9,0,0,0
BRDA:62,1,0,0
BRDA:70,2,0,0
BRDA:72,3,0,0
BRDA:79,4,0,0
BRDA:91,5,0,0
BRDA:98,6,0,0
BRDA:116,7,0,0
BRDA:116,7,1,0
BRF:9
BRH:0
end_of_record
TN:
SF:app\api\cart\[id]\route.ts
FN:6,PUT
FN:80,DELETE
FNF:2
FNH:0
FNDA:0,PUT
FNDA:0,DELETE
DA:1,0
DA:2,0
DA:3,0
DA:6,0
DA:10,0
DA:11,0
DA:12,0
DA:13,0
DA:19,0
DA:20,0
DA:22,0
DA:23,0
DA:30,0
DA:37,0
DA:38,0
DA:45,0
DA:66,0
DA:71,0
DA:72,0
DA:80,0
DA:84,0
DA:85,0
DA:86,0
DA:87,0
DA:94,0
DA:101,0
DA:102,0
DA:109,0
DA:115,0
DA:119,0
DA:120,0
LF:31
LH:0
BRDA:12,0,0,0
BRDA:22,1,0,0
BRDA:22,2,0,0
BRDA:22,2,1,0
BRDA:37,3,0,0
BRDA:86,4,0,0
BRDA:101,5,0,0
BRF:7
BRH:0
end_of_record
TN:
SF:app\api\categories\route.ts
FN:41,GET
FNF:1
FNH:0
FNDA:0,GET
DA:1,0
DA:2,0
DA:5,0
DA:41,0
DA:42,0
DA:44,0
DA:57,0
DA:59,0
DA:62,0
LF:9
LH:0
BRF:0
BRH:0
end_of_record
TN:
SF:app\api\orders\route.ts
FN:6,GET
FN:78,POST
FN:139,(anonymous_5)
FN:153,(anonymous_6)
FN:164,(anonymous_7)
FNF:5
FNH:0
FNDA:0,GET
FNDA:0,POST
FNDA:0,(anonymous_5)
FNDA:0,(anonymous_6)
FNDA:0,(anonymous_7)
DA:1,0
DA:2,0
DA:3,0
DA:6,0
DA:7,0
DA:8,0
DA:9,0
DA:10,0
DA:16,0
DA:17,0
DA:18,0
DA:19,0
DA:20,0
DA:23,0
DA:27,0
DA:28,0
DA:32,0
DA:59,0
DA:69,0
DA:70,0
DA:78,0
DA:79,0
DA:80,0
DA:81,0
DA:82,0
DA:88,0
DA:89,0
DA:91,0
DA:92,0
DA:98,0
DA:99,0
DA:106,0
DA:107,0
DA:109,0
DA:110,0
DA:114,0
DA:115,0
DA:121,0
DA:122,0
DA:128,0
DA:129,0
DA:131,0
DA:139,0
DA:141,0
DA:152,0
DA:153,0
DA:160,0
DA:164,0
DA:170,0
DA:190,0
DA:198,0
DA:199,0
LF:52
LH:0
BRDA:9,0,0,0
BRDA:17,1,0,0
BRDA:17,1,1,0
BRDA:18,2,0,0
BRDA:18,2,1,0
BRDA:27,3,0,0
BRDA:27,4,0,0
BRDA:27,4,1,0
BRDA:81,5,0,0
BRDA:91,6,0,0
BRDA:91,7,0,0
BRDA:91,7,1,0
BRDA:91,7,2,0
BRDA:98,8,0,0
BRDA:114,9,0,0
BRDA:121,10,0,0
BRDA:147,11,0,0
BRDA:147,11,1,0
BRF:18
BRH:0
end_of_record
TN:
SF:app\api\orders\[id]\route.ts
FN:6,GET
FN:73,PUT
FNF:2
FNH:0
FNDA:0,GET
FNDA:0,PUT
DA:1,0
DA:2,0
DA:3,0
DA:6,0
DA:10,0
DA:11,0
DA:12,0
DA:13,0
DA:19,0
DA:42,0
DA:43,0
DA:50,0
DA:51,0
DA:52,0
DA:53,0
DA:55,0
DA:59,0
DA:64,0
DA:65,0
DA:73,0
DA:77,0
DA:78,0
DA:79,0
DA:80,0
DA:86,0
DA:87,0
DA:89,0
DA:90,0
DA:97,0
DA:104,0
DA:105,0
DA:112,0
DA:113,0
DA:120,0
DA:121,0
DA:127,0
DA:151,0
DA:156,0
DA:157,0
LF:39
LH:0
BRDA:12,0,0,0
BRDA:42,1,0,0
BRDA:51,2,0,0
BRDA:79,3,0,0
BRDA:89,4,0,0
BRDA:89,5,0,0
BRDA:89,5,1,0
BRDA:104,6,0,0
BRDA:112,7,0,0
BRDA:112,8,0,0
BRDA:112,8,1,0
BRDA:120,9,0,0
BRF:12
BRH:0
end_of_record
TN:
SF:app\api\payments\create-intent\route.ts
FN:7,POST
FNF:1
FNH:0
FNDA:0,POST
DA:1,0
DA:2,0
DA:3,0
DA:4,0
DA:7,0
DA:8,0
DA:9,0
DA:10,0
DA:11,0
DA:17,0
DA:18,0
DA:20,0
DA:21,0
DA:28,0
DA:47,0
DA:48,0
DA:55,0
DA:56,0
DA:63,0
DA:75,0
DA:84,0
DA:91,0
DA:92,0
LF:23
LH:0
BRDA:10,0,0,0
BRDA:20,1,0,0
BRDA:47,2,0,0
BRDA:55,3,0,0
BRF:4
BRH:0
end_of_record
TN:
SF:app\api\payments\webhook\route.ts
FN:9,POST
FN:64,handlePaymentSuccess
FN:94,handlePaymentFailure
FN:122,handlePaymentCanceled
FNF:4
FNH:0
FNDA:0,POST
FNDA:0,handlePaymentSuccess
FNDA:0,handlePaymentFailure
FNDA:0,handlePaymentCanceled
DA:1,0
DA:2,0
DA:3,0
DA:4,0
DA:6,0
DA:9,0
DA:10,0
DA:11,0
DA:12,0
DA:13,0
DA:15,0
DA:16,0
DA:23,0
DA:24,0
DA:26,0
DA:27,0
DA:34,0
DA:36,0
DA:37,0
DA:38,0
DA:41,0
DA:42,0
DA:43,0
DA:46,0
DA:47,0
DA:48,0
DA:51,0
DA:54,0
DA:56,0
DA:57,0
DA:65,0
DA:66,0
DA:67,0
DA:68,0
DA:69,0
DA:73,0
DA:83,0
DA:90,0
DA:95,0
DA:96,0
DA:97,0
DA:98,0
DA:99,0
DA:103,0
DA:112,0
DA:118,0
DA:123,0
DA:124,0
DA:125,0
DA:126,0
DA:127,0
DA:131,0
DA:141,0
DA:143,0
LF:54
LH:0
BRDA:15,0,0,0
BRDA:34,1,0,0
BRDA:34,1,1,0
BRDA:34,1,2,0
BRDA:34,1,3,0
BRDA:67,2,0,0
BRDA:97,3,0,0
BRDA:125,4,0,0
BRF:8
BRH:0
end_of_record
TN:
SF:app\api\products\route.ts
FN:65,GET
FN:157,(anonymous_2)
FN:179,(anonymous_3)
FN:183,(anonymous_4)
FN:188,(anonymous_5)
FN:191,(anonymous_6)
FNF:6
FNH:0
FNDA:0,GET
FNDA:0,(anonymous_2)
FNDA:0,(anonymous_3)
FNDA:0,(anonymous_4)
FNDA:0,(anonymous_5)
FNDA:0,(anonymous_6)
DA:1,0
DA:2,0
DA:5,0
DA:65,0
DA:66,0
DA:67,0
DA:68,0
DA:69,0
DA:70,0
DA:71,0
DA:72,0
DA:73,0
DA:74,0
DA:75,0
DA:78,0
DA:82,0
DA:83,0
DA:88,0
DA:89,0
DA:92,0
DA:93,0
DA:115,0
DA:117,0
DA:118,0
DA:120,0
DA:122,0
DA:123,0
DA:125,0
DA:126,0
DA:128,0
DA:129,0
DA:132,0
DA:133,0
DA:138,0
DA:157,0
DA:163,0
DA:173,0
DA:176,0
DA:178,0
DA:179,0
DA:182,0
DA:183,0
DA:186,0
DA:187,0
DA:188,0
DA:189,0
DA:191,0
DA:196,0
DA:197,0
DA:198,0
DA:200,0
LF:51
LH:0
BRDA:71,0,0,0
BRDA:71,0,1,0
BRDA:72,1,0,0
BRDA:72,1,1,0
BRDA:73,2,0,0
BRDA:73,2,1,0
BRDA:73,3,0,0
BRDA:73,3,1,0
BRDA:74,4,0,0
BRDA:74,4,1,0
BRDA:74,5,0,0
BRDA:74,5,1,0
BRDA:82,6,0,0
BRDA:88,7,0,0
BRDA:92,8,0,0
BRDA:117,9,0,0
BRDA:117,9,1,0
BRDA:120,10,0,0
BRDA:120,10,1,0
BRDA:120,10,2,0
BRDA:120,10,3,0
BRDA:120,10,4,0
BRDA:122,11,0,0
BRDA:122,11,1,0
BRDA:125,12,0,0
BRDA:125,12,1,0
BRDA:128,13,0,0
BRDA:128,13,1,0
BRDA:132,14,0,0
BRDA:132,14,1,0
BRDA:159,15,0,0
BRDA:159,15,1,0
BRDA:160,16,0,0
BRDA:160,16,1,0
BRDA:178,17,0,0
BRDA:182,18,0,0
BRDA:186,19,0,0
BRDA:189,20,0,0
BRDA:189,20,1,0
BRDA:189,20,2,0
BRF:40
BRH:0
end_of_record
TN:
SF:app\api\products\[slug]\route.ts
FN:4,GET
FNF:1
FNH:0
FNDA:0,GET
DA:1,0
DA:2,0
DA:4,0
DA:8,0
DA:9,0
DA:23,0
DA:24,0
DA:31,0
DA:42,0
DA:44,0
DA:45,0
LF:11
LH:0
BRDA:23,0,0,0
BRF:1
BRH:0
end_of_record
TN:
SF:app\api\products\featured\route.ts
FN:85,GET
FN:110,(anonymous_2)
FNF:2
FNH:0
FNDA:0,GET
FNDA:0,(anonymous_2)
DA:1,0
DA:2,0
DA:3,0
DA:6,0
DA:85,0
DA:86,0
DA:87,0
DA:88,0
DA:91,0
DA:110,0
DA:116,0
DA:122,0
DA:133,0
DA:136,0
DA:138,0
LF:15
LH:0
BRDA:88,0,0,0
BRDA:88,0,1,0
BRDA:88,1,0,0
BRDA:88,1,1,0
BRDA:112,2,0,0
BRDA:112,2,1,0
BRDA:113,3,0,0
BRDA:113,3,1,0
BRDA:136,4,0,0
BRDA:136,4,1,0
BRF:10
BRH:0
end_of_record
TN:
SF:app\api\upload\mock-route.ts
FN:6,POST
FN:36,(anonymous_2)
FN:46,(anonymous_3)
FNF:3
FNH:0
FNDA:0,POST
FNDA:0,(anonymous_2)
FNDA:0,(anonymous_3)
DA:1,0
DA:6,0
DA:7,0
DA:8,0
DA:9,0
DA:10,0
DA:11,0
DA:13,0
DA:14,0
DA:21,0
DA:22,0
DA:23,0
DA:30,0
DA:31,0
DA:32,0
DA:34,0
DA:35,0
DA:36,0
DA:38,0
DA:39,0
DA:46,0
DA:49,0
DA:63,0
DA:71,0
DA:74,0
DA:75,0
LF:26
LH:0
BRDA:10,0,0,0
BRDA:10,0,1,0
BRDA:11,1,0,0
BRDA:11,1,1,0
BRDA:13,2,0,0
BRDA:22,3,0,0
BRDA:35,4,0,0
BRDA:35,4,1,0
BRDA:38,5,0,0
BRDA:38,6,0,0
BRDA:38,6,1,0
BRDA:52,7,0,0
BRDA:52,7,1,0
BRDA:53,8,0,0
BRDA:53,8,1,0
BRDA:55,9,0,0
BRDA:55,9,1,0
BRDA:56,10,0,0
BRDA:56,10,1,0
BRF:19
BRH:0
end_of_record
TN:
SF:app\api\upload\route.ts
FN:6,POST
FN:45,(anonymous_4)
FN:117,GET
FNF:3
FNH:3
FNDA:5,POST
FNDA:15,(anonymous_4)
FNDA:2,GET
DA:1,1
DA:3,1
DA:6,5
DA:7,5
DA:17,5
DA:18,5
DA:19,5
DA:20,5
DA:22,5
DA:23,1
DA:30,4
DA:31,4
DA:32,1
DA:39,3
DA:40,3
DA:41,3
DA:43,3
DA:44,3
DA:45,15
DA:47,3
DA:48,1
DA:55,2
DA:60,2
DA:62,2
DA:74,2
DA:75,2
DA:79,0
DA:80,0
DA:83,0
DA:90,0
DA:93,0
DA:105,0
DA:106,0
DA:108,0
DA:109,0
DA:117,2
DA:118,2
LF:37
LH:28
BRDA:19,0,0,5
BRDA:19,0,1,0
BRDA:20,1,0,5
BRDA:20,1,1,0
BRDA:22,2,0,1
BRDA:31,3,0,1
BRDA:44,4,0,3
BRDA:44,4,1,3
BRDA:47,5,0,1
BRDA:47,6,0,3
BRDA:47,6,1,1
BRDA:55,7,0,2
BRDA:55,7,1,1
BRDA:55,7,2,1
BRDA:55,7,3,1
BRDA:60,8,0,2
BRDA:65,9,0,2
BRDA:65,9,1,0
BRDA:66,10,0,2
BRDA:66,10,1,0
BRDA:68,11,0,2
BRDA:68,11,1,0
BRDA:69,12,0,2
BRDA:69,12,1,0
BRDA:85,13,0,0
BRDA:85,13,1,0
BRDA:86,14,0,0
BRDA:86,14,1,0
BRF:28
BRH:18
end_of_record
TN:
SF:app\api\upload\[publicId]\route.ts
FN:6,DELETE
FNF:1
FNH:0
FNDA:0,DELETE
DA:1,0
DA:2,0
DA:3,0
DA:6,0
DA:10,0
DA:11,0
DA:12,0
DA:13,0
DA:19,0
DA:20,0
DA:21,0
DA:23,0
DA:24,0
DA:31,0
DA:35,0
DA:36,0
DA:43,0
DA:45,0
DA:46,0
DA:51,0
DA:57,0
DA:58,0
LF:22
LH:0
BRDA:12,0,0,0
BRDA:21,1,0,0
BRDA:21,1,1,0
BRDA:23,2,0,0
BRDA:35,3,0,0
BRDA:45,4,0,0
BRDA:45,4,1,0
BRF:7
BRH:0
end_of_record
TN:
SF:app\api\users\profile\route.ts
FN:7,GET
FN:62,PUT
FNF:2
FNH:0
FNDA:0,GET
FNDA:0,PUT
DA:1,0
DA:2,0
DA:3,0
DA:7,0
DA:8,0
DA:9,0
DA:10,0
DA:11,0
DA:18,0
DA:42,0
DA:43,0
DA:49,0
DA:53,0
DA:54,0
DA:62,0
DA:63,0
DA:64,0
DA:65,0
DA:66,0
DA:72,0
DA:73,0
DA:76,0
DA:78,0
DA:79,0
DA:80,0
DA:85,0
DA:88,0
DA:89,0
DA:90,0
DA:97,0
DA:106,0
DA:107,0
DA:113,0
DA:116,0
DA:117,0
DA:118,0
DA:123,0
DA:126,0
DA:127,0
DA:128,0
DA:133,0
DA:137,0
DA:138,0
DA:139,0
DA:146,0
DA:155,0
DA:156,0
DA:163,0
DA:164,0
DA:165,0
DA:166,0
DA:173,0
DA:174,0
DA:181,0
DA:185,0
DA:203,0
DA:208,0
DA:209,0
LF:58
LH:0
BRDA:10,0,0,0
BRDA:42,1,0,0
BRDA:65,2,0,0
BRDA:78,3,0,0
BRDA:79,4,0,0
BRDA:79,5,0,0
BRDA:79,5,1,0
BRDA:88,6,0,0
BRDA:89,7,0,0
BRDA:89,8,0,0
BRDA:89,8,1,0
BRDA:106,9,0,0
BRDA:116,10,0,0
BRDA:117,11,0,0
BRDA:117,12,0,0
BRDA:117,12,1,0
BRDA:123,13,0,0
BRDA:123,13,1,0
BRDA:126,14,0,0
BRDA:127,15,0,0
BRDA:127,16,0,0
BRDA:127,16,1,0
BRDA:133,17,0,0
BRDA:133,17,1,0
BRDA:137,18,0,0
BRDA:138,19,0,0
BRDA:155,20,0,0
BRDA:165,21,0,0
BRDA:173,22,0,0
BRF:29
BRH:0
end_of_record
TN:
SF:app\api\wishlist\route.ts
FN:6,GET
FN:51,POST
FNF:2
FNH:0
FNDA:0,GET
FNDA:0,POST
DA:1,0
DA:2,0
DA:3,0
DA:6,0
DA:7,0
DA:8,0
DA:9,0
DA:10,0
DA:16,0
DA:37,0
DA:42,0
DA:43,0
DA:51,0
DA:52,0
DA:53,0
DA:54,0
DA:55,0
DA:61,0
DA:62,0
DA:64,0
DA:65,0
DA:72,0
DA:78,0
DA:79,0
DA:86,0
DA:95,0
DA:96,0
DA:103,0
DA:122,0
DA:127,0
DA:128,0
LF:31
LH:0
BRDA:9,0,0,0
BRDA:54,1,0,0
BRDA:64,2,0,0
BRDA:78,3,0,0
BRDA:95,4,0,0
BRF:5
BRH:0
end_of_record
TN:
SF:app\api\wishlist\[productId]\route.ts
FN:6,DELETE
FN:61,GET
FNF:2
FNH:0
FNDA:0,DELETE
FNDA:0,GET
DA:1,0
DA:2,0
DA:3,0
DA:6,0
DA:10,0
DA:11,0
DA:12,0
DA:13,0
DA:19,0
DA:22,0
DA:31,0
DA:32,0
DA:39,0
DA:48,0
DA:52,0
DA:53,0
DA:61,0
DA:65,0
DA:66,0
DA:67,0
DA:68,0
DA:74,0
DA:76,0
DA:85,0
DA:90,0
DA:91,0
LF:26
LH:0
BRDA:12,0,0,0
BRDA:31,1,0,0
BRDA:67,2,0,0
BRF:3
BRH:0
end_of_record
TN:
SF:app\auth\login\page.tsx
FN:14,LoginPage
FN:24,(anonymous_3)
FN:74,(anonymous_4)
FN:88,(anonymous_5)
FN:98,(anonymous_6)
FN:114,(anonymous_7)
FNF:6
FNH:0
FNDA:0,LoginPage
FNDA:0,(anonymous_3)
FNDA:0,(anonymous_4)
FNDA:0,(anonymous_5)
FNDA:0,(anonymous_6)
FNDA:0,(anonymous_7)
DA:3,0
DA:4,0
DA:5,0
DA:6,0
DA:7,0
DA:8,0
DA:9,0
DA:10,0
DA:11,0
DA:12,0
DA:14,0
DA:15,0
DA:16,0
DA:17,0
DA:18,0
DA:19,0
DA:20,0
DA:22,0
DA:24,0
DA:25,0
DA:26,0
DA:27,0
DA:29,0
DA:30,0
DA:32,0
DA:34,0
DA:74,0
DA:88,0
DA:98,0
DA:114,0
LF:30
LH:0
BRDA:32,0,0,0
BRDA:32,0,1,0
BRDA:62,1,0,0
BRDA:86,2,0,0
BRDA:86,2,1,0
BRDA:102,3,0,0
BRDA:127,4,0,0
BRDA:127,4,1,0
BRF:8
BRH:0
end_of_record
TN:
SF:app\auth\register\page.tsx
FN:13,RegisterPage
FN:28,(anonymous_3)
FN:35,(anonymous_4)
FN:64,(anonymous_5)
FN:177,(anonymous_6)
FN:207,(anonymous_7)
FNF:6
FNH:0
FNDA:0,RegisterPage
FNDA:0,(anonymous_3)
FNDA:0,(anonymous_4)
FNDA:0,(anonymous_5)
FNDA:0,(anonymous_6)
FNDA:0,(anonymous_7)
DA:3,0
DA:4,0
DA:5,0
DA:6,0
DA:7,0
DA:8,0
DA:9,0
DA:10,0
DA:11,0
DA:13,0
DA:14,0
DA:21,0
DA:22,0
DA:23,0
DA:24,0
DA:26,0
DA:28,0
DA:29,0
DA:35,0
DA:36,0
DA:37,0
DA:38,0
DA:41,0
DA:42,0
DA:43,0
DA:46,0
DA:47,0
DA:48,0
DA:51,0
DA:52,0
DA:53,0
DA:56,0
DA:57,0
DA:58,0
DA:61,0
DA:64,0
DA:65,0
DA:66,0
DA:68,0
DA:69,0
DA:72,0
DA:74,0
DA:75,0
DA:82,0
DA:84,0
DA:177,0
DA:207,0
LF:47
LH:0
BRDA:36,0,0,0
BRDA:41,1,0,0
BRDA:46,2,0,0
BRDA:51,3,0,0
BRDA:56,4,0,0
BRDA:56,5,0,0
BRDA:56,5,1,0
BRDA:68,6,0,0
BRDA:77,7,0,0
BRDA:77,7,1,0
BRDA:82,8,0,0
BRDA:82,8,1,0
BRDA:112,9,0,0
BRDA:165,10,0,0
BRDA:165,10,1,0
BRDA:181,11,0,0
BRDA:195,12,0,0
BRDA:195,12,1,0
BRDA:211,13,0,0
BRDA:224,14,0,0
BRDA:224,14,1,0
BRF:21
BRH:0
end_of_record
TN:
SF:app\cart\page.tsx
FN:17,CartPage
FN:25,(anonymous_3)
FN:46,(anonymous_4)
FN:62,(anonymous_5)
FN:79,(anonymous_6)
FN:151,(anonymous_7)
FN:192,(anonymous_8)
FN:206,(anonymous_9)
FN:220,(anonymous_10)
FN:297,(anonymous_11)
FNF:10
FNH:0
FNDA:0,CartPage
FNDA:0,(anonymous_3)
FNDA:0,(anonymous_4)
FNDA:0,(anonymous_5)
FNDA:0,(anonymous_6)
FNDA:0,(anonymous_7)
FNDA:0,(anonymous_8)
FNDA:0,(anonymous_9)
FNDA:0,(anonymous_10)
FNDA:0,(anonymous_11)
DA:3,0
DA:4,0
DA:5,0
DA:6,0
DA:7,0
DA:8,0
DA:9,0
DA:10,0
DA:11,0
DA:12,0
DA:13,0
DA:14,0
DA:15,0
DA:17,0
DA:18,0
DA:19,0
DA:20,0
DA:21,0
DA:22,0
DA:23,0
DA:25,0
DA:26,0
DA:28,0
DA:29,0
DA:30,0
DA:31,0
DA:36,0
DA:42,0
DA:46,0
DA:47,0
DA:48,0
DA:49,0
DA:54,0
DA:62,0
DA:63,0
DA:64,0
DA:65,0
DA:66,0
DA:71,0
DA:79,0
DA:80,0
DA:81,0
DA:87,0
DA:88,0
DA:89,0
DA:90,0
DA:92,0
DA:103,0
DA:152,0
DA:192,0
DA:206,0
DA:220,0
DA:297,0
LF:53
LH:0
BRDA:26,0,0,0
BRDA:38,1,0,0
BRDA:38,1,1,0
BRDA:56,2,0,0
BRDA:56,2,1,0
BRDA:63,3,0,0
BRDA:63,3,1,0
BRDA:87,4,0,0
BRDA:87,4,1,0
BRDA:88,5,0,0
BRDA:88,5,1,0
BRDA:92,6,0,0
BRDA:103,7,0,0
BRDA:132,8,0,0
BRDA:132,8,1,0
BRDA:134,9,0,0
BRDA:137,10,0,0
BRDA:137,10,1,0
BRDA:138,11,0,0
BRDA:138,11,1,0
BRDA:142,12,0,0
BRDA:142,12,1,0
BRDA:142,13,0,0
BRDA:142,13,1,0
BRDA:157,14,0,0
BRDA:157,14,1,0
BRDA:158,15,0,0
BRDA:176,16,0,0
BRDA:176,16,1,0
BRDA:178,17,0,0
BRDA:178,17,1,0
BRDA:207,18,0,0
BRDA:207,18,1,0
BRDA:211,19,0,0
BRDA:225,20,0,0
BRDA:237,21,0,0
BRDA:263,22,0,0
BRDA:263,22,1,0
BRDA:263,23,0,0
BRDA:263,23,1,0
BRDA:271,24,0,0
BRDA:290,25,0,0
BRDA:290,25,1,0
BRDA:292,26,0,0
BRDA:292,26,1,0
BRDA:316,27,0,0
BRDA:319,28,0,0
BRDA:319,28,1,0
BRDA:319,29,0,0
BRDA:319,29,1,0
BRDA:329,30,0,0
BRDA:329,30,1,0
BRDA:330,31,0,0
BRDA:330,31,1,0
BRDA:332,32,0,0
BRDA:332,32,1,0
BRDA:344,33,0,0
BRDA:346,34,0,0
BRDA:346,34,1,0
BRDA:348,35,0,0
BRDA:348,35,1,0
BRDA:371,36,0,0
BRDA:371,36,1,0
BRDA:373,37,0,0
BRDA:373,37,1,0
BRF:65
BRH:0
end_of_record
TN:
SF:app\categories\loading.tsx
FN:1,Loading
FNF:1
FNH:0
FNDA:0,Loading
DA:1,0
DA:2,0
LF:2
LH:0
BRF:0
BRH:0
end_of_record
TN:
SF:app\categories\page.tsx
FN:16,fetchCategories
FN:25,getCategoryDisplayName
FN:32,getCategoryDescription
FN:39,getFeaturedCategories
FN:41,(anonymous_6)
FN:42,(anonymous_7)
FN:47,CategoriesPage
FN:57,(anonymous_9)
FN:58,(anonymous_10)
FN:97,(anonymous_11)
FN:102,(anonymous_12)
FN:152,(anonymous_13)
FN:168,(anonymous_14)
FN:221,(anonymous_15)
FN:233,(anonymous_16)
FN:246,(anonymous_17)
FN:256,(anonymous_18)
FN:291,(anonymous_19)
FN:359,(anonymous_20)
FN:383,(anonymous_21)
FNF:20
FNH:0
FNDA:0,fetchCategories
FNDA:0,getCategoryDisplayName
FNDA:0,getCategoryDescription
FNDA:0,getFeaturedCategories
FNDA:0,(anonymous_6)
FNDA:0,(anonymous_7)
FNDA:0,CategoriesPage
FNDA:0,(anonymous_9)
FNDA:0,(anonymous_10)
FNDA:0,(anonymous_11)
FNDA:0,(anonymous_12)
FNDA:0,(anonymous_13)
FNDA:0,(anonymous_14)
FNDA:0,(anonymous_15)
FNDA:0,(anonymous_16)
FNDA:0,(anonymous_17)
FNDA:0,(anonymous_18)
FNDA:0,(anonymous_19)
FNDA:0,(anonymous_20)
FNDA:0,(anonymous_21)
DA:3,0
DA:4,0
DA:5,0
DA:6,0
DA:7,0
DA:8,0
DA:9,0
DA:10,0
DA:11,0
DA:12,0
DA:17,0
DA:18,0
DA:19,0
DA:21,0
DA:28,0
DA:35,0
DA:41,0
DA:42,0
DA:47,0
DA:48,0
DA:49,0
DA:50,0
DA:51,0
DA:52,0
DA:53,0
DA:54,0
DA:57,0
DA:58,0
DA:59,0
DA:60,0
DA:61,0
DA:62,0
DA:63,0
DA:65,0
DA:66,0
DA:68,0
DA:72,0
DA:75,0
DA:77,0
DA:97,0
DA:98,0
DA:102,0
DA:103,0
DA:105,0
DA:107,0
DA:110,0
DA:112,0
DA:152,0
DA:169,0
DA:221,0
DA:234,0
DA:246,0
DA:256,0
DA:292,0
DA:359,0
DA:384,0
LF:56
LH:0
BRDA:18,0,0,0
BRDA:35,1,0,0
BRDA:35,1,1,0
BRDA:65,2,0,0
BRDA:65,2,1,0
BRDA:80,3,0,0
BRDA:80,3,1,0
BRDA:80,4,0,0
BRDA:80,4,1,0
BRDA:84,5,0,0
BRDA:84,5,1,0
BRDA:84,6,0,0
BRDA:84,6,1,0
BRDA:88,7,0,0
BRDA:88,7,1,0
BRDA:88,8,0,0
BRDA:88,8,1,0
BRDA:92,9,0,0
BRDA:92,9,1,0
BRDA:92,10,0,0
BRDA:92,10,1,0
BRDA:103,11,0,0
BRDA:103,11,1,0
BRDA:103,11,2,0
BRDA:103,11,3,0
BRDA:122,12,0,0
BRDA:122,12,1,0
BRDA:122,13,0,0
BRDA:122,13,1,0
BRDA:125,14,0,0
BRDA:125,14,1,0
BRDA:127,15,0,0
BRDA:127,15,1,0
BRDA:134,16,0,0
BRDA:138,17,0,0
BRDA:138,17,1,0
BRDA:138,18,0,0
BRDA:138,18,1,0
BRDA:144,19,0,0
BRDA:148,20,0,0
BRDA:148,20,1,0
BRDA:148,21,0,0
BRDA:148,21,1,0
BRDA:155,22,0,0
BRDA:155,22,1,0
BRDA:155,23,0,0
BRDA:155,23,1,0
BRDA:161,24,0,0
BRDA:161,24,1,0
BRDA:161,24,2,0
BRDA:165,25,0,0
BRDA:165,25,1,0
BRDA:165,26,0,0
BRDA:165,26,1,0
BRDA:169,27,0,0
BRDA:169,27,1,0
BRDA:175,28,0,0
BRDA:175,28,1,0
BRDA:182,29,0,0
BRDA:182,29,1,0
BRDA:182,30,0,0
BRDA:182,30,1,0
BRDA:191,31,0,0
BRDA:191,31,1,0
BRDA:191,32,0,0
BRDA:191,32,1,0
BRDA:204,33,0,0
BRDA:204,33,1,0
BRDA:214,34,0,0
BRDA:214,34,1,0
BRDA:216,35,0,0
BRDA:216,35,1,0
BRDA:244,36,0,0
BRDA:244,36,1,0
BRDA:248,37,0,0
BRDA:248,37,1,0
BRDA:254,38,0,0
BRDA:254,38,1,0
BRDA:258,39,0,0
BRDA:258,39,1,0
BRDA:272,40,0,0
BRDA:272,40,1,0
BRDA:276,41,0,0
BRDA:276,41,1,0
BRDA:276,42,0,0
BRDA:276,42,1,0
BRDA:279,43,0,0
BRDA:279,43,1,0
BRDA:279,44,0,0
BRDA:279,44,1,0
BRDA:284,45,0,0
BRDA:286,46,0,0
BRDA:286,46,1,0
BRDA:292,47,0,0
BRDA:292,47,1,0
BRDA:294,48,0,0
BRDA:294,48,1,0
BRDA:295,49,0,0
BRDA:295,49,1,0
BRDA:298,50,0,0
BRDA:298,50,1,0
BRDA:303,51,0,0
BRDA:306,52,0,0
BRDA:306,52,1,0
BRDA:306,53,0,0
BRDA:306,53,1,0
BRDA:322,54,0,0
BRDA:322,54,1,0
BRDA:322,55,0,0
BRDA:322,55,1,0
BRDA:331,56,0,0
BRDA:331,56,1,0
BRDA:331,57,0,0
BRDA:331,57,1,0
BRDA:346,58,0,0
BRDA:346,58,1,0
BRDA:348,59,0,0
BRDA:348,59,1,0
BRDA:353,60,0,0
BRDA:353,60,1,0
BRDA:355,61,0,0
BRDA:355,61,1,0
BRDA:360,62,0,0
BRDA:360,62,1,0
BRDA:360,63,0,0
BRDA:360,63,1,0
BRDA:368,64,0,0
BRDA:368,64,1,0
BRDA:371,65,0,0
BRDA:371,65,1,0
BRDA:371,66,0,0
BRDA:371,66,1,0
BRDA:375,67,0,0
BRDA:375,67,1,0
BRDA:375,68,0,0
BRDA:375,68,1,0
BRDA:376,69,0,0
BRDA:376,69,1,0
BRDA:376,70,0,0
BRDA:376,70,1,0
BRDA:377,71,0,0
BRDA:377,71,1,0
BRDA:377,72,0,0
BRDA:377,72,1,0
BRDA:378,73,0,0
BRDA:378,73,1,0
BRDA:378,74,0,0
BRDA:378,74,1,0
BRDA:379,75,0,0
BRDA:379,75,1,0
BRDA:379,76,0,0
BRDA:379,76,1,0
BRDA:380,77,0,0
BRDA:380,77,1,0
BRDA:380,78,0,0
BRDA:380,78,1,0
BRDA:381,79,0,0
BRDA:381,79,1,0
BRDA:381,80,0,0
BRDA:381,80,1,0
BRDA:382,81,0,0
BRDA:382,81,1,0
BRDA:382,82,0,0
BRDA:382,82,1,0
BRF:164
BRH:0
end_of_record
TN:
SF:app\categories\[id]\page.tsx
FN:23,fetchCategoryById
FN:37,fetchProductsByCategory
FN:73,(anonymous_4)
FN:78,(anonymous_5)
FN:83,(anonymous_6)
FN:88,(anonymous_7)
FN:94,(anonymous_8)
FN:134,CategoryDetailPage
FN:157,(anonymous_10)
FN:158,(anonymous_11)
FN:187,(anonymous_12)
FN:188,(anonymous_13)
FN:249,(anonymous_14)
FN:250,(anonymous_15)
FN:271,(anonymous_16)
FN:281,(anonymous_17)
FN:284,(anonymous_18)
FN:287,(anonymous_19)
FN:290,(anonymous_20)
FN:306,(anonymous_21)
FN:345,(anonymous_23)
FN:350,(anonymous_24)
FN:354,(anonymous_25)
FN:371,(anonymous_26)
FN:558,(anonymous_27)
FN:572,(anonymous_28)
FN:582,(anonymous_29)
FN:608,(anonymous_30)
FNF:28
FNH:0
FNDA:0,fetchCategoryById
FNDA:0,fetchProductsByCategory
FNDA:0,(anonymous_4)
FNDA:0,(anonymous_5)
FNDA:0,(anonymous_6)
FNDA:0,(anonymous_7)
FNDA:0,(anonymous_8)
FNDA:0,CategoryDetailPage
FNDA:0,(anonymous_10)
FNDA:0,(anonymous_11)
FNDA:0,(anonymous_12)
FNDA:0,(anonymous_13)
FNDA:0,(anonymous_14)
FNDA:0,(anonymous_15)
FNDA:0,(anonymous_16)
FNDA:0,(anonymous_17)
FNDA:0,(anonymous_18)
FNDA:0,(anonymous_19)
FNDA:0,(anonymous_20)
FNDA:0,(anonymous_21)
FNDA:0,(anonymous_23)
FNDA:0,(anonymous_24)
FNDA:0,(anonymous_25)
FNDA:0,(anonymous_26)
FNDA:0,(anonymous_27)
FNDA:0,(anonymous_28)
FNDA:0,(anonymous_29)
FNDA:0,(anonymous_30)
DA:3,0
DA:4,0
DA:5,0
DA:6,0
DA:7,0
DA:8,0
DA:9,0
DA:10,0
DA:11,0
DA:12,0
DA:13,0
DA:14,0
DA:15,0
DA:16,0
DA:17,0
DA:18,0
DA:20,0
DA:24,0
DA:25,0
DA:26,0
DA:27,0
DA:29,0
DA:30,0
DA:32,0
DA:33,0
DA:46,0
DA:47,0
DA:57,0
DA:58,0
DA:59,0
DA:61,0
DA:62,0
DA:67,0
DA:68,0
DA:73,0
DA:74,0
DA:75,0
DA:78,0
DA:79,0
DA:80,0
DA:83,0
DA:84,0
DA:85,0
DA:88,0
DA:89,0
DA:90,0
DA:94,0
DA:132,0
DA:134,0
DA:135,0
DA:136,0
DA:137,0
DA:138,0
DA:139,0
DA:140,0
DA:141,0
DA:142,0
DA:143,0
DA:144,0
DA:145,0
DA:146,0
DA:149,0
DA:150,0
DA:151,0
DA:152,0
DA:153,0
DA:154,0
DA:157,0
DA:158,0
DA:159,0
DA:161,0
DA:162,0
DA:163,0
DA:164,0
DA:165,0
DA:166,0
DA:167,0
DA:168,0
DA:170,0
DA:171,0
DA:172,0
DA:175,0
DA:176,0
DA:177,0
DA:179,0
DA:183,0
DA:187,0
DA:188,0
DA:189,0
DA:191,0
DA:192,0
DA:193,0
DA:201,0
DA:214,0
DA:215,0
DA:216,0
DA:217,0
DA:220,0
DA:221,0
DA:222,0
DA:223,0
DA:226,0
DA:228,0
DA:229,0
DA:230,0
DA:232,0
DA:236,0
DA:239,0
DA:249,0
DA:250,0
DA:252,0
DA:253,0
DA:257,0
DA:260,0
DA:261,0
DA:262,0
DA:263,0
DA:265,0
DA:269,0
DA:271,0
DA:272,0
DA:273,0
DA:274,0
DA:276,0
DA:278,0
DA:279,0
DA:281,0
DA:282,0
DA:284,0
DA:285,0
DA:287,0
DA:288,0
DA:290,0
DA:291,0
DA:294,0
DA:306,0
DA:307,0
DA:308,0
DA:309,0
DA:310,0
DA:311,0
DA:312,0
DA:316,0
DA:346,0
DA:351,0
DA:352,0
DA:354,0
DA:371,0
DA:422,0
DA:433,0
DA:559,0
DA:572,0
DA:582,0
DA:609,0
LF:154
LH:0
BRDA:26,0,0,0
BRDA:30,1,0,0
BRDA:30,1,1,0
BRDA:37,2,0,0
BRDA:48,3,0,0
BRDA:48,3,1,0
BRDA:49,4,0,0
BRDA:49,4,1,0
BRDA:50,5,0,0
BRDA:50,5,1,0
BRDA:51,6,0,0
BRDA:51,6,1,0
BRDA:52,7,0,0
BRDA:52,7,1,0
BRDA:53,8,0,0
BRDA:53,8,1,0
BRDA:54,9,0,0
BRDA:54,9,1,0
BRDA:58,10,0,0
BRDA:63,11,0,0
BRDA:63,11,1,0
BRDA:64,12,0,0
BRDA:64,12,1,0
BRDA:74,13,0,0
BRDA:74,14,0,0
BRDA:74,14,1,0
BRDA:79,15,0,0
BRDA:79,16,0,0
BRDA:79,16,1,0
BRDA:80,17,0,0
BRDA:80,17,1,0
BRDA:84,18,0,0
BRDA:84,19,0,0
BRDA:84,19,1,0
BRDA:89,20,0,0
BRDA:89,21,0,0
BRDA:89,21,1,0
BRDA:90,22,0,0
BRDA:90,22,1,0
BRDA:97,23,0,0
BRDA:97,23,1,0
BRDA:97,24,0,0
BRDA:97,24,1,0
BRDA:99,25,0,0
BRDA:99,25,1,0
BRDA:101,26,0,0
BRDA:101,26,1,0
BRDA:124,27,0,0
BRDA:124,27,1,0
BRDA:124,28,0,0
BRDA:124,28,1,0
BRDA:159,29,0,0
BRDA:166,30,0,0
BRDA:166,30,1,0
BRDA:170,31,0,0
BRDA:170,31,1,0
BRDA:176,32,0,0
BRDA:176,32,1,0
BRDA:189,33,0,0
BRDA:206,34,0,0
BRDA:206,34,1,0
BRDA:207,35,0,0
BRDA:207,35,1,0
BRDA:210,36,0,0
BRDA:210,36,1,0
BRDA:214,37,0,0
BRDA:214,37,1,0
BRDA:214,38,0,0
BRDA:214,38,1,0
BRDA:240,39,0,0
BRDA:240,39,1,0
BRDA:240,40,0,0
BRDA:240,40,1,0
BRDA:252,41,0,0
BRDA:252,42,0,0
BRDA:252,42,1,0
BRDA:253,43,0,0
BRDA:257,44,0,0
BRDA:257,45,0,0
BRDA:257,45,1,0
BRDA:260,46,0,0
BRDA:260,47,0,0
BRDA:260,47,1,0
BRDA:260,47,2,0
BRDA:261,48,0,0
BRDA:261,49,0,0
BRDA:261,49,1,0
BRDA:261,49,2,0
BRDA:262,50,0,0
BRDA:262,51,0,0
BRDA:262,51,1,0
BRDA:262,51,2,0
BRDA:263,52,0,0
BRDA:263,53,0,0
BRDA:263,53,1,0
BRDA:269,54,0,0
BRDA:269,54,1,0
BRDA:269,54,2,0
BRDA:269,54,3,0
BRDA:269,54,4,0
BRDA:269,54,5,0
BRDA:272,55,0,0
BRDA:272,56,0,0
BRDA:272,56,1,0
BRDA:273,57,0,0
BRDA:273,58,0,0
BRDA:273,58,1,0
BRDA:274,59,0,0
BRDA:274,59,1,0
BRDA:274,60,0,0
BRDA:274,60,1,0
BRDA:287,61,0,0
BRDA:287,61,1,0
BRDA:287,62,0,0
BRDA:287,62,1,0
BRDA:290,63,0,0
BRDA:290,63,1,0
BRDA:290,64,0,0
BRDA:290,64,1,0
BRDA:317,65,0,0
BRDA:317,65,1,0
BRDA:317,66,0,0
BRDA:317,66,1,0
BRDA:318,67,0,0
BRDA:318,67,1,0
BRDA:319,68,0,0
BRDA:319,68,1,0
BRDA:320,69,0,0
BRDA:320,69,1,0
BRDA:321,70,0,0
BRDA:321,70,1,0
BRDA:351,71,0,0
BRDA:351,71,1,0
BRDA:411,72,0,0
BRDA:422,73,0,0
BRDA:427,74,0,0
BRDA:427,74,1,0
BRDA:427,75,0,0
BRDA:427,75,1,0
BRDA:433,76,0,0
BRDA:433,77,0,0
BRDA:433,77,1,0
BRDA:438,78,0,0
BRDA:438,78,1,0
BRDA:438,79,0,0
BRDA:438,79,1,0
BRDA:440,80,0,0
BRDA:440,80,1,0
BRDA:443,81,0,0
BRDA:443,81,1,0
BRDA:443,82,0,0
BRDA:443,82,1,0
BRDA:461,83,0,0
BRDA:461,83,1,0
BRDA:461,84,0,0
BRDA:461,84,1,0
BRDA:471,85,0,0
BRDA:471,85,1,0
BRDA:471,86,0,0
BRDA:471,86,1,0
BRDA:479,87,0,0
BRDA:479,87,1,0
BRDA:489,88,0,0
BRDA:489,88,1,0
BRDA:489,89,0,0
BRDA:489,89,1,0
BRDA:507,90,0,0
BRDA:529,91,0,0
BRDA:549,92,0,0
BRDA:549,92,1,0
BRDA:549,93,0,0
BRDA:549,93,1,0
BRDA:570,94,0,0
BRDA:570,94,1,0
BRDA:574,95,0,0
BRDA:574,95,1,0
BRDA:580,96,0,0
BRDA:580,96,1,0
BRDA:584,97,0,0
BRDA:584,97,1,0
BRDA:594,98,0,0
BRDA:597,99,0,0
BRDA:597,99,1,0
BRDA:597,100,0,0
BRDA:597,100,1,0
BRDA:601,101,0,0
BRDA:603,102,0,0
BRDA:603,102,1,0
BRDA:610,103,0,0
BRDA:610,103,1,0
BRDA:611,104,0,0
BRDA:611,104,1,0
BRDA:614,105,0,0
BRDA:614,105,1,0
BRDA:614,105,2,0
BRDA:619,106,0,0
BRDA:622,107,0,0
BRDA:624,108,0,0
BRDA:624,108,1,0
BRDA:624,109,0,0
BRDA:624,109,1,0
BRDA:631,110,0,0
BRDA:631,110,1,0
BRDA:640,111,0,0
BRDA:644,112,0,0
BRDA:644,112,1,0
BRDA:644,112,2,0
BRDA:644,112,3,0
BRDA:648,113,0,0
BRDA:657,114,0,0
BRDA:666,115,0,0
BRDA:666,115,1,0
BRDA:666,116,0,0
BRDA:666,116,1,0
BRDA:681,117,0,0
BRDA:681,117,1,0
BRDA:683,118,0,0
BRDA:683,118,1,0
BRDA:688,119,0,0
BRDA:688,119,1,0
BRDA:690,120,0,0
BRDA:690,120,1,0
BRDA:695,121,0,0
BRDA:695,121,1,0
BRDA:695,122,0,0
BRDA:695,122,1,0
BRF:226
BRH:0
end_of_record
TN:
SF:app\checkout\page.tsx
FN:18,(anonymous_2)
FN:42,CheckoutPage
FN:69,(anonymous_4)
FN:70,(anonymous_5)
FN:73,(anonymous_6)
FN:79,(anonymous_7)
FN:107,(anonymous_8)
FN:165,(anonymous_9)
FN:175,(anonymous_10)
FN:187,(anonymous_11)
FN:198,(anonymous_12)
FN:219,(anonymous_13)
FN:230,(anonymous_14)
FN:240,(anonymous_15)
FN:252,(anonymous_16)
FN:262,(anonymous_17)
FN:297,(anonymous_18)
FN:309,(anonymous_19)
FN:320,(anonymous_20)
FN:331,(anonymous_21)
FN:354,(anonymous_22)
FNF:21
FNH:0
FNDA:0,(anonymous_2)
FNDA:0,CheckoutPage
FNDA:0,(anonymous_4)
FNDA:0,(anonymous_5)
FNDA:0,(anonymous_6)
FNDA:0,(anonymous_7)
FNDA:0,(anonymous_8)
FNDA:0,(anonymous_9)
FNDA:0,(anonymous_10)
FNDA:0,(anonymous_11)
FNDA:0,(anonymous_12)
FNDA:0,(anonymous_13)
FNDA:0,(anonymous_14)
FNDA:0,(anonymous_15)
FNDA:0,(anonymous_16)
FNDA:0,(anonymous_17)
FNDA:0,(anonymous_18)
FNDA:0,(anonymous_19)
FNDA:0,(anonymous_20)
FNDA:0,(anonymous_21)
FNDA:0,(anonymous_22)
DA:3,0
DA:4,0
DA:5,0
DA:6,0
DA:7,0
DA:8,0
DA:9,0
DA:10,0
DA:11,0
DA:12,0
DA:13,0
DA:14,0
DA:15,0
DA:18,0
DA:42,0
DA:43,0
DA:44,0
DA:45,0
DA:46,0
DA:47,0
DA:48,0
DA:67,0
DA:69,0
DA:70,0
DA:73,0
DA:74,0
DA:75,0
DA:78,0
DA:79,0
DA:81,0
DA:91,0
DA:93,0
DA:103,0
DA:107,0
DA:108,0
DA:123,0
DA:165,0
DA:175,0
DA:187,0
DA:198,0
DA:219,0
DA:230,0
DA:240,0
DA:252,0
DA:262,0
DA:297,0
DA:309,0
DA:320,0
DA:331,0
DA:355,0
LF:50
LH:0
BRDA:22,0,0,0
BRDA:22,0,1,0
BRDA:22,1,0,0
BRDA:22,1,1,0
BRDA:29,2,0,0
BRDA:29,2,1,0
BRDA:29,3,0,0
BRDA:29,3,1,0
BRDA:82,4,0,0
BRDA:82,4,1,0
BRDA:82,5,0,0
BRDA:82,5,1,0
BRDA:83,6,0,0
BRDA:83,6,1,0
BRDA:85,7,0,0
BRDA:85,7,1,0
BRDA:94,8,0,0
BRDA:94,8,1,0
BRDA:94,9,0,0
BRDA:94,9,1,0
BRDA:95,10,0,0
BRDA:95,10,1,0
BRDA:97,11,0,0
BRDA:97,11,1,0
BRDA:109,12,0,0
BRDA:109,12,1,0
BRDA:109,13,0,0
BRDA:109,13,1,0
BRDA:110,14,0,0
BRDA:110,14,1,0
BRDA:110,15,0,0
BRDA:110,15,1,0
BRDA:111,16,0,0
BRDA:111,16,1,0
BRDA:111,17,0,0
BRDA:111,17,1,0
BRDA:112,18,0,0
BRDA:112,18,1,0
BRDA:112,19,0,0
BRDA:112,19,1,0
BRDA:113,20,0,0
BRDA:113,20,1,0
BRDA:113,21,0,0
BRDA:113,21,1,0
BRDA:114,22,0,0
BRDA:114,22,1,0
BRDA:114,23,0,0
BRDA:114,23,1,0
BRDA:115,24,0,0
BRDA:115,24,1,0
BRDA:115,25,0,0
BRDA:115,25,1,0
BRDA:116,26,0,0
BRDA:116,26,1,0
BRDA:116,27,0,0
BRDA:116,27,1,0
BRDA:117,28,0,0
BRDA:117,28,1,0
BRDA:117,29,0,0
BRDA:117,29,1,0
BRDA:118,30,0,0
BRDA:118,30,1,0
BRDA:118,31,0,0
BRDA:118,31,1,0
BRDA:119,32,0,0
BRDA:119,32,1,0
BRDA:119,33,0,0
BRDA:119,33,1,0
BRDA:120,34,0,0
BRDA:120,34,1,0
BRDA:120,35,0,0
BRDA:120,35,1,0
BRDA:121,36,0,0
BRDA:121,36,1,0
BRDA:121,37,0,0
BRDA:121,37,1,0
BRDA:123,38,0,0
BRDA:123,38,1,0
BRDA:133,39,0,0
BRDA:133,39,1,0
BRDA:133,40,0,0
BRDA:133,40,1,0
BRDA:136,41,0,0
BRDA:136,41,1,0
BRDA:136,42,0,0
BRDA:136,42,1,0
BRDA:139,43,0,0
BRDA:139,43,1,0
BRDA:141,44,0,0
BRDA:141,44,1,0
BRDA:155,45,0,0
BRDA:155,45,1,0
BRDA:155,46,0,0
BRDA:155,46,1,0
BRDA:210,47,0,0
BRDA:210,47,1,0
BRDA:210,48,0,0
BRDA:210,48,1,0
BRDA:275,49,0,0
BRDA:275,49,1,0
BRDA:275,50,0,0
BRDA:275,50,1,0
BRDA:284,51,0,0
BRDA:284,51,1,0
BRDA:284,52,0,0
BRDA:284,52,1,0
BRDA:289,53,0,0
BRDA:348,54,0,0
BRDA:348,54,1,0
BRDA:348,55,0,0
BRDA:348,55,1,0
BRDA:362,56,0,0
BRDA:362,56,1,0
BRDA:362,57,0,0
BRDA:362,57,1,0
BRDA:378,58,0,0
BRDA:378,58,1,0
BRDA:378,59,0,0
BRDA:378,59,1,0
BRDA:386,60,0,0
BRDA:386,60,1,0
BRDA:386,61,0,0
BRDA:386,61,1,0
BRDA:392,62,0,0
BRDA:392,62,1,0
BRDA:392,63,0,0
BRDA:392,63,1,0
BRDA:395,64,0,0
BRDA:395,64,1,0
BRDA:396,65,0,0
BRDA:396,65,1,0
BRDA:398,66,0,0
BRDA:398,66,1,0
BRDA:406,67,0,0
BRDA:406,67,1,0
BRDA:406,68,0,0
BRDA:406,68,1,0
BRDA:418,69,0,0
BRDA:418,69,1,0
BRDA:418,70,0,0
BRDA:418,70,1,0
BRDA:430,71,0,0
BRDA:432,72,0,0
BRDA:432,72,1,0
BRDA:432,73,0,0
BRDA:432,73,1,0
BRDA:437,74,0,0
BRDA:437,74,1,0
BRDA:437,75,0,0
BRDA:437,75,1,0
BRDA:446,76,0,0
BRDA:446,76,1,0
BRDA:448,77,0,0
BRDA:448,77,1,0
BRDA:454,78,0,0
BRDA:454,78,1,0
BRDA:456,79,0,0
BRDA:456,79,1,0
BRDA:462,80,0,0
BRDA:462,80,1,0
BRDA:464,81,0,0
BRDA:464,81,1,0
BRF:162
BRH:0
end_of_record
TN:
SF:app\contact\loading.tsx
FN:1,Loading
FNF:1
FNH:0
FNDA:0,Loading
DA:1,0
DA:2,0
LF:2
LH:0
BRF:0
BRH:0
end_of_record
TN:
SF:app\contact\page.tsx
FN:17,(anonymous_1)
FN:71,(anonymous_2)
FN:145,(anonymous_3)
FN:168,ContactPage
FN:184,(anonymous_5)
FN:185,(anonymous_6)
FN:188,(anonymous_7)
FN:193,(anonymous_8)
FN:199,(anonymous_9)
FN:235,(anonymous_10)
FN:306,(anonymous_11)
FN:328,(anonymous_12)
FN:341,(anonymous_13)
FN:355,(anonymous_14)
FN:383,(anonymous_15)
FN:404,(anonymous_16)
FN:445,(anonymous_17)
FNF:17
FNH:0
FNDA:0,(anonymous_1)
FNDA:0,(anonymous_2)
FNDA:0,(anonymous_3)
FNDA:0,ContactPage
FNDA:0,(anonymous_5)
FNDA:0,(anonymous_6)
FNDA:0,(anonymous_7)
FNDA:0,(anonymous_8)
FNDA:0,(anonymous_9)
FNDA:0,(anonymous_10)
FNDA:0,(anonymous_11)
FNDA:0,(anonymous_12)
FNDA:0,(anonymous_13)
FNDA:0,(anonymous_14)
FNDA:0,(anonymous_15)
FNDA:0,(anonymous_16)
FNDA:0,(anonymous_17)
DA:5,0
DA:6,0
DA:7,0
DA:8,0
DA:9,0
DA:10,0
DA:11,0
DA:12,0
DA:13,0
DA:14,0
DA:17,0
DA:71,0
DA:145,0
DA:168,0
DA:169,0
DA:170,0
DA:177,0
DA:178,0
DA:180,0
DA:181,0
DA:182,0
DA:184,0
DA:185,0
DA:188,0
DA:189,0
DA:190,0
DA:193,0
DA:195,0
DA:196,0
DA:199,0
DA:200,0
DA:201,0
DA:236,0
DA:306,0
DA:328,0
DA:341,0
DA:356,0
DA:383,0
DA:404,0
DA:446,0
LF:40
LH:0
BRDA:20,0,0,0
BRDA:20,0,1,0
BRDA:20,1,0,0
BRDA:20,1,1,0
BRDA:23,2,0,0
BRDA:23,2,1,0
BRDA:25,3,0,0
BRDA:25,3,1,0
BRDA:31,4,0,0
BRDA:31,4,1,0
BRDA:31,5,0,0
BRDA:31,5,1,0
BRDA:34,6,0,0
BRDA:34,6,1,0
BRDA:36,7,0,0
BRDA:36,7,1,0
BRDA:42,8,0,0
BRDA:42,8,1,0
BRDA:42,9,0,0
BRDA:42,9,1,0
BRDA:44,10,0,0
BRDA:44,10,1,0
BRDA:46,11,0,0
BRDA:46,11,1,0
BRDA:50,12,0,0
BRDA:50,12,1,0
BRDA:52,13,0,0
BRDA:52,13,1,0
BRDA:58,14,0,0
BRDA:58,14,1,0
BRDA:58,15,0,0
BRDA:58,15,1,0
BRDA:60,16,0,0
BRDA:60,16,1,0
BRDA:62,17,0,0
BRDA:62,17,1,0
BRDA:66,18,0,0
BRDA:66,18,1,0
BRDA:66,19,0,0
BRDA:66,19,1,0
BRDA:74,20,0,0
BRDA:74,20,1,0
BRDA:76,21,0,0
BRDA:76,21,1,0
BRDA:80,22,0,0
BRDA:80,22,1,0
BRDA:82,23,0,0
BRDA:82,23,1,0
BRDA:88,24,0,0
BRDA:88,24,1,0
BRDA:90,25,0,0
BRDA:90,25,1,0
BRDA:94,26,0,0
BRDA:94,26,1,0
BRDA:96,27,0,0
BRDA:96,27,1,0
BRDA:102,28,0,0
BRDA:102,28,1,0
BRDA:104,29,0,0
BRDA:104,29,1,0
BRDA:108,30,0,0
BRDA:108,30,1,0
BRDA:110,31,0,0
BRDA:110,31,1,0
BRDA:116,32,0,0
BRDA:116,32,1,0
BRDA:118,33,0,0
BRDA:118,33,1,0
BRDA:122,34,0,0
BRDA:122,34,1,0
BRDA:124,35,0,0
BRDA:124,35,1,0
BRDA:130,36,0,0
BRDA:130,36,1,0
BRDA:132,37,0,0
BRDA:132,37,1,0
BRDA:136,38,0,0
BRDA:136,38,1,0
BRDA:138,39,0,0
BRDA:138,39,1,0
BRDA:148,40,0,0
BRDA:148,40,1,0
BRDA:148,41,0,0
BRDA:148,41,1,0
BRDA:153,42,0,0
BRDA:153,42,1,0
BRDA:153,43,0,0
BRDA:153,43,1,0
BRDA:158,44,0,0
BRDA:158,44,1,0
BRDA:158,45,0,0
BRDA:158,45,1,0
BRDA:163,46,0,0
BRDA:163,46,1,0
BRDA:163,47,0,0
BRDA:163,47,1,0
BRDA:218,48,0,0
BRDA:218,48,1,0
BRDA:218,49,0,0
BRDA:218,49,1,0
BRDA:221,50,0,0
BRDA:221,50,1,0
BRDA:223,51,0,0
BRDA:223,51,1,0
BRDA:260,52,0,0
BRDA:260,52,1,0
BRDA:262,53,0,0
BRDA:262,53,1,0
BRDA:269,54,0,0
BRDA:274,55,0,0
BRDA:274,55,1,0
BRDA:276,56,0,0
BRDA:276,56,1,0
BRDA:281,57,0,0
BRDA:281,57,1,0
BRDA:283,58,0,0
BRDA:283,58,1,0
BRDA:293,59,0,0
BRDA:293,59,1,0
BRDA:293,60,0,0
BRDA:293,60,1,0
BRDA:299,61,0,0
BRDA:299,61,1,0
BRDA:301,62,0,0
BRDA:301,62,1,0
BRDA:315,63,0,0
BRDA:315,63,1,0
BRDA:315,64,0,0
BRDA:315,64,1,0
BRDA:321,65,0,0
BRDA:321,65,1,0
BRDA:323,66,0,0
BRDA:323,66,1,0
BRDA:337,67,0,0
BRDA:337,67,1,0
BRDA:337,68,0,0
BRDA:337,68,1,0
BRDA:346,69,0,0
BRDA:346,69,1,0
BRDA:348,70,0,0
BRDA:348,70,1,0
BRDA:370,71,0,0
BRDA:370,71,1,0
BRDA:370,72,0,0
BRDA:370,72,1,0
BRDA:376,73,0,0
BRDA:376,73,1,0
BRDA:378,74,0,0
BRDA:378,74,1,0
BRDA:392,75,0,0
BRDA:392,75,1,0
BRDA:392,76,0,0
BRDA:392,76,1,0
BRDA:397,77,0,0
BRDA:397,77,1,0
BRDA:399,78,0,0
BRDA:399,78,1,0
BRDA:418,79,0,0
BRDA:420,80,0,0
BRDA:420,80,1,0
BRDA:420,81,0,0
BRDA:420,81,1,0
BRDA:425,82,0,0
BRDA:425,82,1,0
BRDA:425,83,0,0
BRDA:425,83,1,0
BRDA:438,84,0,0
BRDA:438,84,1,0
BRDA:440,85,0,0
BRDA:440,85,1,0
BRDA:459,86,0,0
BRDA:459,86,1,0
BRDA:461,87,0,0
BRDA:461,87,1,0
BRDA:466,88,0,0
BRDA:466,88,1,0
BRDA:468,89,0,0
BRDA:468,89,1,0
BRDA:473,90,0,0
BRDA:473,90,1,0
BRDA:475,91,0,0
BRDA:475,91,1,0
BRDA:490,92,0,0
BRDA:490,92,1,0
BRDA:490,93,0,0
BRDA:490,93,1,0
BRDA:497,94,0,0
BRDA:497,94,1,0
BRDA:499,95,0,0
BRDA:499,95,1,0
BRDA:504,96,0,0
BRDA:504,96,1,0
BRDA:506,97,0,0
BRDA:506,97,1,0
BRDA:511,98,0,0
BRDA:511,98,1,0
BRDA:513,99,0,0
BRDA:513,99,1,0
BRDA:527,100,0,0
BRDA:527,100,1,0
BRDA:527,101,0,0
BRDA:527,101,1,0
BRDA:532,102,0,0
BRDA:532,102,1,0
BRDA:532,103,0,0
BRDA:532,103,1,0
BRDA:536,104,0,0
BRDA:536,104,1,0
BRDA:536,105,0,0
BRDA:536,105,1,0
BRDA:539,106,0,0
BRDA:539,106,1,0
BRDA:539,107,0,0
BRDA:539,107,1,0
BRDA:541,108,0,0
BRDA:541,108,1,0
BRDA:541,109,0,0
BRDA:541,109,1,0
BRDA:542,110,0,0
BRDA:542,110,1,0
BRDA:542,111,0,0
BRDA:542,111,1,0
BRDA:548,112,0,0
BRDA:548,112,1,0
BRDA:548,113,0,0
BRDA:548,113,1,0
BRDA:551,114,0,0
BRDA:551,114,1,0
BRDA:551,115,0,0
BRDA:551,115,1,0
BRDA:553,116,0,0
BRDA:553,116,1,0
BRDA:553,117,0,0
BRDA:553,117,1,0
BRDA:557,118,0,0
BRDA:557,118,1,0
BRDA:557,119,0,0
BRDA:557,119,1,0
BRF:238
BRH:0
end_of_record
TN:
SF:app\dashboard\page.tsx
FN:26,DashboardPage
FN:32,(anonymous_2)
FN:37,(anonymous_3)
FN:52,(anonymous_4)
FN:76,(anonymous_5)
FN:91,(anonymous_6)
FN:185,(anonymous_7)
FN:188,(anonymous_8)
FN:191,(anonymous_9)
FNF:9
FNH:0
FNDA:0,DashboardPage
FNDA:0,(anonymous_2)
FNDA:0,(anonymous_3)
FNDA:0,(anonymous_4)
FNDA:0,(anonymous_5)
FNDA:0,(anonymous_6)
FNDA:0,(anonymous_7)
FNDA:0,(anonymous_8)
[...]
FN:93,(anonymous_31)
FN:95,(anonymous_32)
FN:96,(anonymous_33)
FN:100,(anonymous_34)
FN:101,(anonymous_35)
FN:112,(anonymous_36)
FN:120,(anonymous_37)
FN:167,(anonymous_38)
FN:265,(anonymous_39)
FN:275,(anonymous_40)
FN:291,(anonymous_41)
FN:320,(anonymous_42)
FN:338,(anonymous_43)
FN:356,(anonymous_44)
FN:371,(anonymous_45)
FN:386,(anonymous_46)
FN:401,(anonymous_47)
FN:419,(anonymous_48)
FN:434,(anonymous_49)
FN:455,(anonymous_50)
FN:544,(anonymous_54)
FN:601,(anonymous_55)
FN:652,(anonymous_57)
FN:654,(anonymous_58)
FN:715,(anonymous_61)
FNF:28
FNH:0
FNDA:0,useSidebar
FNDA:0,(anonymous_29)
FNDA:0,(anonymous_30)
FNDA:0,(anonymous_31)
FNDA:0,(anonymous_32)
FNDA:0,(anonymous_33)
FNDA:0,(anonymous_34)
FNDA:0,(anonymous_35)
FNDA:0,(anonymous_36)
FNDA:0,(anonymous_37)
FNDA:0,(anonymous_38)
FNDA:0,(anonymous_39)
FNDA:0,(anonymous_40)
FNDA:0,(anonymous_41)
FNDA:0,(anonymous_42)
FNDA:0,(anonymous_43)
FNDA:0,(anonymous_44)
FNDA:0,(anonymous_45)
FNDA:0,(anonymous_46)
FNDA:0,(anonymous_47)
FNDA:0,(anonymous_48)
FNDA:0,(anonymous_49)
FNDA:0,(anonymous_50)
FNDA:0,(anonymous_54)
FNDA:0,(anonymous_55)
FNDA:0,(anonymous_57)
FNDA:0,(anonymous_58)
FNDA:0,(anonymous_61)
DA:3,0
DA:4,0
DA:5,0
DA:6,0
DA:8,0
DA:9,0
DA:10,0
DA:11,0
DA:12,0
DA:13,0
DA:14,0
DA:20,0
DA:22,0
DA:23,0
DA:24,0
DA:25,0
DA:26,0
DA:27,0
DA:39,0
DA:42,0
DA:43,0
DA:44,0
DA:47,0
DA:50,0
DA:70,0
DA:71,0
DA:75,0
DA:76,0
DA:77,0
DA:79,0
DA:80,0
DA:81,0
DA:83,0
DA:87,0
DA:93,0
DA:94,0
DA:95,0
DA:96,0
DA:100,0
DA:101,0
DA:102,0
DA:106,0
DA:107,0
DA:111,0
DA:112,0
DA:117,0
DA:119,0
DA:120,0
DA:157,0
DA:159,0
DA:178,0
DA:180,0
DA:195,0
DA:260,0
DA:262,0
DA:266,0
DA:276,0
DA:277,0
DA:286,0
DA:288,0
DA:292,0
DA:315,0
DA:317,0
DA:333,0
DA:335,0
DA:351,0
DA:353,0
DA:366,0
DA:368,0
DA:381,0
DA:383,0
DA:396,0
DA:398,0
DA:414,0
DA:416,0
DA:429,0
DA:431,0
DA:435,0
DA:450,0
DA:452,0
DA:456,0
DA:473,0
DA:486,0
DA:499,0
DA:512,0
DA:514,0
DA:536,0
DA:556,0
DA:557,0
DA:570,0
DA:571,0
DA:574,0
DA:575,0
DA:593,0
DA:595,0
DA:602,0
DA:624,0
DA:645,0
DA:647,0
DA:654,0
DA:655,0
DA:683,0
DA:700,0
DA:706,0
DA:708,0
DA:716,0
DA:736,0
DA:739,0
DA:740,0
DA:741,0
DA:742,0
DA:743,0
DA:744,0
DA:745,0
DA:746,0
DA:747,0
DA:748,0
DA:749,0
DA:750,0
DA:751,0
DA:752,0
DA:753,0
DA:754,0
DA:755,0
DA:756,0
DA:757,0
DA:758,0
DA:759,0
DA:760,0
DA:761,0
DA:762,0
LF:131
LH:0
BRDA:43,0,0,0
BRDA:60,1,0,0
BRDA:76,2,0,0
BRDA:76,2,1,0
BRDA:79,3,0,0
BRDA:79,3,1,0
BRDA:80,4,0,0
BRDA:80,4,1,0
BRDA:94,5,0,0
BRDA:94,5,1,0
BRDA:102,6,0,0
BRDA:103,7,0,0
BRDA:103,7,1,0
BRDA:103,7,2,0
BRDA:117,8,0,0
BRDA:117,8,1,0
BRDA:169,9,0,0
BRDA:170,10,0,0
BRDA:171,11,0,0
BRDA:180,12,0,0
BRDA:195,13,0,0
BRDA:220,14,0,0
BRDA:220,14,1,0
BRDA:230,15,0,0
BRDA:230,15,1,0
BRDA:230,16,0,0
BRDA:230,16,1,0
BRDA:238,17,0,0
BRDA:238,17,1,0
BRDA:242,18,0,0
BRDA:242,18,1,0
BRDA:242,19,0,0
BRDA:242,19,1,0
BRDA:434,20,0,0
BRDA:435,21,0,0
BRDA:435,21,1,0
BRDA:455,22,0,0
BRDA:456,23,0,0
BRDA:456,23,1,0
BRDA:546,24,0,0
BRDA:547,25,0,0
BRDA:548,26,0,0
BRDA:549,27,0,0
BRDA:556,28,0,0
BRDA:556,28,1,0
BRDA:570,29,0,0
BRDA:574,30,0,0
BRDA:586,31,0,0
BRDA:586,31,1,0
BRDA:601,32,0,0
BRDA:601,33,0,0
BRDA:602,34,0,0
BRDA:602,34,1,0
BRDA:616,35,0,0
BRDA:616,35,1,0
BRDA:652,36,0,0
BRDA:665,37,0,0
BRDA:715,38,0,0
BRDA:715,39,0,0
BRDA:716,40,0,0
BRDA:716,40,1,0
BRDA:727,41,0,0
BRDA:727,41,1,0
BRDA:728,42,0,0
BRDA:728,42,1,0
BRF:65
BRH:0
end_of_record
TN:
SF:components\ui\skeleton.tsx
FN:3,Skeleton
FNF:1
FNH:0
FNDA:0,Skeleton
DA:1,0
DA:15,0
LF:2
LH:0
BRF:0
BRH:0
end_of_record
TN:
SF:components\ui\slider.tsx
FNF:0
FNH:0
DA:3,0
DA:4,0
DA:6,0
DA:26,0
DA:28,0
LF:5
LH:0
BRF:0
BRH:0
end_of_record
TN:
SF:components\ui\sonner.tsx
FN:8,(anonymous_1)
FNF:1
FNH:0
FNDA:0,(anonymous_1)
DA:3,0
DA:4,0
DA:8,0
DA:9,0
DA:31,0
LF:5
LH:0
BRDA:9,0,0,0
BRF:1
BRH:0
end_of_record
TN:
SF:components\ui\switch.tsx
FNF:0
FNH:0
DA:3,0
DA:4,0
DA:6,0
DA:27,0
DA:29,0
LF:5
LH:0
BRF:0
BRH:0
end_of_record
TN:
SF:components\ui\table.tsx
FNF:0
FNH:0
DA:1,0
DA:3,0
DA:17,0
DA:25,0
DA:37,0
DA:52,0
DA:67,0
DA:82,0
DA:94,0
DA:106,0
DA:109,0
DA:110,0
DA:111,0
DA:112,0
DA:113,0
DA:114,0
DA:115,0
DA:116,0
LF:18
LH:0
BRF:0
BRH:0
end_of_record
TN:
SF:components\ui\tabs.tsx
FNF:0
FNH:0
DA:3,0
DA:4,0
DA:6,0
DA:8,0
DA:23,0
DA:38,0
DA:53,0
DA:55,0
LF:8
LH:0
BRF:0
BRH:0
end_of_record
TN:
SF:components\ui\textarea.tsx
FN:8,(anonymous_4)
FNF:1
FNH:0
FNDA:0,(anonymous_4)
DA:1,0
DA:3,0
DA:5,0
DA:20,0
DA:22,0
LF:5
LH:0
BRF:0
BRH:0
end_of_record
TN:
SF:components\ui\toaster.tsx
FN:13,Toaster
FN:18,(anonymous_2)
FNF:2
FNH:0
FNDA:0,Toaster
FNDA:0,(anonymous_2)
DA:3,0
DA:11,0
DA:13,0
DA:14,0
DA:19,0
LF:5
LH:0
BRDA:22,0,0,0
BRDA:23,1,0,0
BRF:2
BRH:0
end_of_record
TN:
SF:components\ui\toggle-group.tsx
FN:39,(anonymous_7)
FNF:1
FNH:0
FNDA:0,(anonymous_7)
DA:3,0
DA:4,0
DA:7,0
DA:8,0
DA:10,0
DA:33,0
DA:35,0
DA:40,0
DA:59,0
DA:61,0
LF:10
LH:0
BRDA:47,0,0,0
BRDA:47,0,1,0
BRDA:48,1,0,0
BRDA:48,1,1,0
BRF:4
BRH:0
end_of_record
TN:
SF:components\ui\toggle.tsx
FNF:0
FNH:0
DA:3,0
DA:4,0
DA:5,0
DA:7,0
DA:9,0
DA:43,0
DA:45,0
LF:7
LH:0
BRF:0
BRH:0
end_of_record
TN:
SF:components\ui\tooltip.tsx
FNF:0
FNH:0
DA:3,0
DA:4,0
DA:6,0
DA:8,0
DA:10,0
DA:12,0
DA:28,0
DA:30,0
LF:8
LH:0
BRDA:17,0,0,0
BRF:1
BRH:0
end_of_record
TN:
SF:components\ui\use-mobile.tsx
FN:5,useIsMobile
FN:8,(anonymous_5)
FN:10,(anonymous_6)
FN:15,(anonymous_7)
FNF:4
FNH:0
FNDA:0,useIsMobile
FNDA:0,(anonymous_5)
FNDA:0,(anonymous_6)
FNDA:0,(anonymous_7)
DA:1,0
DA:3,0
DA:5,0
DA:6,0
DA:8,0
DA:9,0
DA:10,0
DA:11,0
DA:13,0
DA:14,0
DA:15,0
DA:18,0
LF:12
LH:0
BRF:0
BRH:0
end_of_record
TN:
SF:components\ui\use-toast.ts
FN:30,genId
FN:61,(anonymous_8)
FN:66,(anonymous_9)
FN:77,(anonymous_10)
FN:88,(anonymous_11)
FN:101,(anonymous_12)
FN:108,(anonymous_13)
FN:127,(anonymous_14)
FN:136,dispatch
FN:138,(anonymous_16)
FN:145,toast
FN:148,(anonymous_18)
FN:153,(anonymous_19)
FN:161,(anonymous_20)
FN:174,useToast
FN:177,(anonymous_22)
FN:179,(anonymous_23)
FN:190,(anonymous_24)
FNF:18
FNH:0
FNDA:0,genId
FNDA:0,(anonymous_8)
FNDA:0,(anonymous_9)
FNDA:0,(anonymous_10)
FNDA:0,(anonymous_11)
FNDA:0,(anonymous_12)
FNDA:0,(anonymous_13)
FNDA:0,(anonymous_14)
FNDA:0,dispatch
FNDA:0,(anonymous_16)
FNDA:0,toast
FNDA:0,(anonymous_18)
FNDA:0,(anonymous_19)
FNDA:0,(anonymous_20)
FNDA:0,useToast
FNDA:0,(anonymous_22)
FNDA:0,(anonymous_23)
FNDA:0,(anonymous_24)
DA:4,0
DA:11,0
DA:12,0
DA:21,0
DA:28,0
DA:31,0
DA:32,0
DA:59,0
DA:61,0
DA:62,0
DA:63,0
DA:66,0
DA:67,0
DA:68,0
DA:74,0
DA:77,0
DA:78,0
DA:80,0
DA:86,0
DA:89,0
DA:94,0
DA:98,0
DA:99,0
DA:101,0
DA:102,0
DA:106,0
DA:109,0
DA:119,0
DA:120,0
DA:125,0
DA:127,0
DA:132,0
DA:134,0
DA:137,0
DA:138,0
DA:139,0
DA:146,0
DA:148,0
DA:149,0
DA:153,0
DA:155,0
DA:162,0
DA:167,0
DA:175,0
DA:177,0
DA:178,0
DA:179,0
DA:180,0
DA:181,0
DA:182,0
DA:187,0
DA:190,0
DA:194,0
LF:53
LH:0
BRDA:62,0,0,0
BRDA:78,1,0,0
BRDA:78,1,1,0
BRDA:78,1,2,0
BRDA:78,1,3,0
BRDA:89,2,0,0
BRDA:89,2,1,0
BRDA:98,3,0,0
BRDA:98,3,1,0
BRDA:109,4,0,0
BRDA:109,4,1,0
BRDA:109,5,0,0
BRDA:109,5,1,0
BRDA:119,6,0,0
BRDA:162,7,0,0
BRDA:181,8,0,0
BRF:16
BRH:0
end_of_record
TN:
SF:lib\auth.ts
FN:21,hashPassword
FN:27,verifyPassword
FN:32,generateToken
FN:43,verifyToken
FN:57,getTokenFromRequest
FN:74,getCurrentUser
FN:106,requireAuth
FN:115,isValidEmail
FN:121,isValidPassword
FNF:9
FNH:0
FNDA:0,hashPassword
FNDA:0,verifyPassword
FNDA:0,generateToken
FNDA:0,verifyToken
FNDA:0,getTokenFromRequest
FNDA:0,getCurrentUser
FNDA:0,requireAuth
FNDA:0,isValidEmail
FNDA:0,isValidPassword
DA:1,0
DA:2,0
DA:4,0
DA:5,0
DA:7,0
DA:9,0
DA:10,0
DA:21,0
DA:22,0
DA:23,0
DA:27,0
DA:28,0
DA:32,0
DA:33,0
DA:34,0
DA:39,0
DA:43,0
DA:44,0
DA:45,0
DA:46,0
DA:47,0
DA:48,0
DA:49,0
DA:51,0
DA:52,0
DA:57,0
DA:59,0
DA:60,0
DA:61,0
DA:65,0
DA:66,0
DA:67,0
DA:70,0
DA:74,0
DA:75,0
DA:76,0
DA:77,0
DA:80,0
DA:81,0
DA:82,0
DA:85,0
DA:86,0
DA:98,0
DA:100,0
DA:101,0
DA:106,0
DA:107,0
DA:108,0
DA:109,0
DA:111,0
DA:115,0
DA:116,0
DA:117,0
DA:121,0
DA:122,0
DA:123,0
DA:126,0
DA:127,0
DA:130,0
DA:131,0
DA:134,0
DA:135,0
DA:138,0
LF:63
LH:0
BRDA:9,0,0,0
BRDA:60,1,0,0
BRDA:60,2,0,0
BRDA:60,2,1,0
BRDA:66,3,0,0
BRDA:76,4,0,0
BRDA:81,5,0,0
BRDA:108,6,0,0
BRDA:122,7,0,0
BRDA:126,8,0,0
BRDA:130,9,0,0
BRDA:134,10,0,0
BRF:12
BRH:0
end_of_record
TN:
SF:lib\cloudinary.ts
FN:38,uploadToCloudinary
FN:82,deleteFromCloudinary
FN:103,getOptimizedImageUrl
FN:122,getThumbnailUrl
FN:146,uploadMultipleFiles
FN:151,(anonymous_12)
FNF:6
FNH:0
FNDA:0,uploadToCloudinary
FNDA:0,deleteFromCloudinary
FNDA:0,getOptimizedImageUrl
FNDA:0,getThumbnailUrl
FNDA:0,uploadMultipleFiles
FNDA:0,(anonymous_12)
DA:1,1
DA:4,1
DA:38,0
DA:42,0
DA:43,0
DA:53,0
DA:58,0
DA:71,0
DA:72,0
DA:82,0
DA:86,0
DA:87,0
DA:90,0
DA:92,0
DA:93,0
DA:103,0
DA:107,0
DA:122,0
DA:127,0
DA:146,0
DA:150,0
DA:151,0
DA:152,0
DA:158,0
DA:160,0
DA:161,0
DA:165,0
LF:27
LH:2
BRDA:40,0,0,0
BRDA:44,1,0,0
BRDA:44,1,1,0
BRDA:45,2,0,0
BRDA:45,2,1,0
BRDA:54,3,0,0
BRDA:54,3,1,0
BRDA:84,4,0,0
BRDA:105,5,0,0
BRDA:124,6,0,0
BRDA:125,7,0,0
BRDA:148,8,0,0
BRDA:154,9,0,0
BRDA:154,9,1,0
BRF:14
BRH:0
end_of_record
TN:
SF:lib\i18n.ts
FN:873,(anonymous_6)
FN:877,(anonymous_7)
FN:891,(anonymous_8)
FN:900,(anonymous_9)
FNF:4
FNH:0
FNDA:0,(anonymous_6)
FNDA:0,(anonymous_7)
FNDA:0,(anonymous_8)
FNDA:0,(anonymous_9)
DA:237,0
DA:873,0
DA:874,0
DA:877,0
DA:878,0
DA:880,0
DA:882,0
DA:884,0
DA:887,0
DA:891,0
DA:892,0
DA:897,0
DA:900,0
DA:901,0
DA:906,0
LF:15
LH:0
BRDA:874,0,0,0
BRDA:874,0,1,0
BRDA:880,1,0,0
BRDA:880,1,1,0
BRDA:880,1,2,0
BRDA:880,1,3,0
BRF:6
BRH:0
end_of_record
TN:
SF:lib\logger.ts
FN:20,(anonymous_1)
FN:30,(anonymous_2)
FN:39,(anonymous_3)
FN:72,(anonymous_4)
FN:76,(anonymous_5)
FN:80,(anonymous_6)
FN:84,(anonymous_7)
FN:89,(anonymous_8)
FN:93,(anonymous_9)
FN:97,(anonymous_10)
FN:101,(anonymous_11)
FN:105,(anonymous_12)
FNF:12
FNH:0
FNDA:0,(anonymous_1)
FNDA:0,(anonymous_2)
FNDA:0,(anonymous_3)
FNDA:0,(anonymous_4)
FNDA:0,(anonymous_5)
FNDA:0,(anonymous_6)
FNDA:0,(anonymous_7)
FNDA:0,(anonymous_8)
FNDA:0,(anonymous_9)
FNDA:0,(anonymous_10)
FNDA:0,(anonymous_11)
FNDA:0,(anonymous_12)
DA:17,0
DA:18,0
DA:21,0
DA:32,0
DA:33,0
DA:36,0
DA:40,0
DA:41,0
DA:44,0
DA:45,0
DA:46,0
DA:50,0
DA:52,0
DA:55,0
DA:57,0
DA:58,0
DA:60,0
DA:61,0
DA:63,0
DA:64,0
DA:66,0
DA:67,0
DA:73,0
DA:77,0
DA:81,0
DA:85,0
DA:90,0
DA:94,0
DA:98,0
DA:102,0
DA:106,0
DA:111,0
LF:32
LH:0
BRDA:32,0,0,0
BRDA:33,1,0,0
BRDA:33,1,1,0
BRDA:40,2,0,0
BRDA:45,3,0,0
BRDA:45,3,1,0
BRDA:50,4,0,0
BRDA:50,4,1,0
BRDA:55,5,0,0
BRDA:55,5,1,0
BRDA:55,5,2,0
BRDA:55,5,3,0
BRDA:57,6,0,0
BRDA:57,6,1,0
BRDA:60,7,0,0
BRDA:60,7,1,0
BRDA:63,8,0,0
BRDA:63,8,1,0
BRDA:66,9,0,0
BRDA:66,9,1,0
BRF:20
BRH:0
end_of_record
TN:
SF:lib\model-utils.ts
FN:37,(anonymous_12)
FN:41,(anonymous_13)
FN:64,(anonymous_14)
FN:74,(anonymous_15)
FN:78,(anonymous_16)
FN:83,(anonymous_17)
FN:86,(anonymous_18)
FN:122,(anonymous_19)
FN:131,(anonymous_20)
FN:152,(anonymous_21)
FN:171,(anonymous_22)
FN:185,(anonymous_23)
FN:198,(anonymous_24)
FN:220,(anonymous_25)
FN:223,(anonymous_26)
FN:243,(anonymous_27)
FN:262,(anonymous_28)
FN:283,(anonymous_29)
FN:297,(anonymous_30)
FN:303,createLOD
FN:306,(anonymous_32)
FN:311,(anonymous_33)
FN:346,calculateModelComplexity
FN:358,(anonymous_35)
FN:372,(anonymous_36)
FN:404,preloadModels
FN:408,(anonymous_38)
FN:409,(anonymous_39)
FN:424,(anonymous_40)
FN:431,(anonymous_41)
FN:438,(anonymous_42)
FN:445,(anonymous_43)
FN:447,(anonymous_44)
FN:450,(anonymous_45)
FN:452,(anonymous_46)
FN:455,(anonymous_47)
FN:457,(anonymous_48)
FN:460,(anonymous_49)
FNF:38
FNH:0
FNDA:0,(anonymous_12)
FNDA:0,(anonymous_13)
FNDA:0,(anonymous_14)
FNDA:0,(anonymous_15)
FNDA:0,(anonymous_16)
FNDA:0,(anonymous_17)
FNDA:0,(anonymous_18)
FNDA:0,(anonymous_19)
FNDA:0,(anonymous_20)
FNDA:0,(anonymous_21)
FNDA:0,(anonymous_22)
FNDA:0,(anonymous_23)
FNDA:0,(anonymous_24)
FNDA:0,(anonymous_25)
FNDA:0,(anonymous_26)
FNDA:0,(anonymous_27)
FNDA:0,(anonymous_28)
FNDA:0,(anonymous_29)
FNDA:0,(anonymous_30)
FNDA:0,createLOD
FNDA:0,(anonymous_32)
FNDA:0,(anonymous_33)
FNDA:0,calculateModelComplexity
FNDA:0,(anonymous_35)
FNDA:0,(anonymous_36)
FNDA:0,preloadModels
FNDA:0,(anonymous_38)
FNDA:0,(anonymous_39)
FNDA:0,(anonymous_40)
FNDA:0,(anonymous_41)
FNDA:0,(anonymous_42)
FNDA:0,(anonymous_43)
FNDA:0,(anonymous_44)
FNDA:0,(anonymous_45)
FNDA:0,(anonymous_46)
FNDA:0,(anonymous_47)
FNDA:0,(anonymous_48)
FNDA:0,(anonymous_49)
DA:1,0
DA:2,0
DA:3,0
DA:23,0
DA:33,0
DA:42,0
DA:45,0
DA:46,0
DA:47,0
DA:51,0
DA:54,0
DA:61,0
DA:65,0
DA:66,0
DA:68,0
DA:69,0
DA:71,0
DA:75,0
DA:79,0
DA:80,0
DA:84,0
DA:86,0
DA:87,0
DA:89,0
DA:90,0
DA:91,0
DA:93,0
DA:94,0
DA:96,0
DA:97,0
DA:99,0
DA:100,0
DA:104,0
DA:105,0
DA:106,0
DA:107,0
DA:109,0
DA:110,0
DA:112,0
DA:113,0
DA:119,0
DA:123,0
DA:124,0
DA:126,0
DA:133,0
DA:134,0
DA:135,0
DA:137,0
DA:138,0
DA:139,0
DA:140,0
DA:144,0
DA:145,0
DA:146,0
DA:147,0
DA:153,0
DA:163,0
DA:166,0
DA:172,0
DA:175,0
DA:176,0
DA:179,0
DA:180,0
DA:181,0
DA:186,0
DA:189,0
DA:190,0
DA:191,0
DA:192,0
DA:196,0
DA:198,0
DA:199,0
DA:208,0
DA:211,0
DA:213,0
DA:216,0
DA:221,0
DA:223,0
DA:224,0
DA:226,0
DA:229,0
DA:230,0
DA:234,0
DA:235,0
DA:236,0
DA:240,0
DA:245,0
DA:248,0
DA:249,0
DA:253,0
DA:254,0
DA:257,0
DA:258,0
DA:263,0
DA:265,0
DA:266,0
DA:268,0
DA:269,0
DA:271,0
DA:272,0
DA:274,0
DA:275,0
DA:277,0
DA:278,0
DA:285,0
DA:286,0
DA:287,0
DA:290,0
DA:293,0
DA:294,0
DA:298,0
DA:303,0
DA:304,0
DA:306,0
DA:307,0
DA:310,0
DA:311,0
DA:312,0
DA:314,0
DA:315,0
DA:316,0
DA:317,0
DA:318,0
DA:321,0
DA:322,0
DA:324,0
DA:325,0
DA:326,0
DA:334,0
DA:340,0
DA:343,0
DA:346,0
DA:353,0
DA:354,0
DA:355,0
DA:356,0
DA:358,0
DA:359,0
DA:360,0
DA:362,0
DA:363,0
DA:365,0
DA:368,0
DA:370,0
DA:371,0
DA:372,0
DA:374,0
DA:378,0
DA:379,0
DA:380,0
DA:381,0
DA:382,0
DA:388,0
DA:389,0
DA:390,0
DA:391,0
DA:392,0
DA:395,0
DA:404,0
DA:405,0
DA:407,0
DA:409,0
DA:417,0
DA:418,0
DA:425,0
DA:426,0
DA:427,0
DA:432,0
DA:433,0
DA:434,0
DA:439,0
DA:440,0
DA:441,0
DA:446,0
DA:447,0
DA:451,0
DA:452,0
DA:456,0
DA:457,0
DA:461,0
DA:470,0
LF:181
LH:0
BRDA:37,0,0,0
BRDA:41,1,0,0
BRDA:45,2,0,0
BRDA:66,3,0,0
BRDA:87,4,0,0
BRDA:90,5,0,0
BRDA:93,6,0,0
BRDA:96,7,0,0
BRDA:99,8,0,0
BRDA:105,9,0,0
BRDA:106,10,0,0
BRDA:109,11,0,0
BRDA:112,12,0,0
BRDA:124,13,0,0
BRDA:124,14,0,0
BRDA:124,14,1,0
BRDA:124,14,2,0
BRDA:133,15,0,0
BRDA:133,15,1,0
BRDA:138,16,0,0
BRDA:144,17,0,0
BRDA:171,18,0,0
BRDA:180,19,0,0
BRDA:185,20,0,0
BRDA:189,21,0,0
BRDA:189,22,0,0
BRDA:189,22,1,0
BRDA:191,23,0,0
BRDA:224,24,0,0
BRDA:229,25,0,0
BRDA:248,26,0,0
BRDA:257,27,0,0
BRDA:263,28,0,0
BRDA:265,29,0,0
BRDA:268,30,0,0
BRDA:271,31,0,0
BRDA:274,32,0,0
BRDA:277,33,0,0
BRDA:290,34,0,0
BRDA:290,34,1,0
BRDA:303,35,0,0
BRDA:312,36,0,0
BRDA:314,37,0,0
BRDA:316,38,0,0
BRDA:325,39,0,0
BRDA:359,40,0,0
BRDA:362,41,0,0
BRDA:362,41,1,0
BRDA:370,42,0,0
BRDA:371,43,0,0
BRDA:371,43,1,0
BRDA:379,44,0,0
BRDA:380,45,0,0
BRDA:381,46,0,0
BRDA:382,47,0,0
BRDA:389,48,0,0
BRDA:389,48,1,0
BRDA:389,49,0,0
BRDA:389,49,1,0
BRDA:391,50,0,0
BRDA:391,51,0,0
BRDA:391,51,1,0
BRDA:426,52,0,0
BRDA:433,53,0,0
BRDA:440,54,0,0
BRDA:447,55,0,0
BRDA:447,55,1,0
BRDA:452,56,0,0
BRDA:452,56,1,0
BRDA:457,57,0,0
BRDA:457,57,1,0
BRF:71
BRH:0
end_of_record
TN:
SF:lib\prisma.ts
FNF:0
FNH:0
DA:1,0
DA:3,0
DA:7,0
DA:8,0
DA:13,0
LF:5
LH:0
BRDA:8,0,0,0
BRDA:8,0,1,0
BRDA:13,1,0,0
BRF:3
BRH:0
end_of_record
TN:
SF:lib\stripe.ts
FN:19,createPaymentIntent
FN:47,retrievePaymentIntent
FN:56,confirmPaymentIntent
FN:65,constructWebhookEvent
FN:77,dollarsToCents
FN:82,centsToDollars
FNF:6
FNH:0
FNDA:0,createPaymentIntent
FNDA:0,retrievePaymentIntent
FNDA:0,confirmPaymentIntent
FNDA:0,constructWebhookEvent
FNDA:0,dollarsToCents
FNDA:0,centsToDollars
DA:1,0
DA:4,0
DA:6,0
DA:19,0
DA:26,0
DA:27,0
DA:40,0
DA:42,0
DA:43,0
DA:47,0
DA:48,0
DA:49,0
DA:51,0
DA:52,0
DA:56,0
DA:57,0
DA:58,0
DA:60,0
DA:61,0
DA:65,0
DA:66,0
DA:68,0
DA:69,0
DA:71,0
DA:72,0
DA:77,0
DA:78,0
DA:82,0
DA:83,0
LF:29
LH:0
BRDA:4,0,0,0
BRDA:4,0,1,0
BRDA:21,1,0,0
BRDA:24,2,0,0
BRDA:66,3,0,0
BRDA:66,3,1,0
BRF:6
BRH:0
end_of_record
TN:
SF:lib\utils.ts
FN:4,cn
FNF:1
FNH:0
FNDA:0,cn
DA:1,0
DA:2,0
DA:4,0
DA:5,0
LF:4
LH:0
BRF:0
BRH:0
end_of_record
TN:
SF:lib\websocket.ts
FN:30,(anonymous_3)
FN:32,(anonymous_4)
FN:39,(anonymous_5)
FN:46,(anonymous_6)
FN:48,(anonymous_7)
FN:52,(anonymous_8)
FN:65,(anonymous_9)
FN:73,(anonymous_10)
FN:75,(anonymous_11)
FN:79,(anonymous_12)
FN:83,(anonymous_13)
FN:99,(anonymous_14)
FN:132,(anonymous_15)
FN:161,(anonymous_16)
FN:169,(anonymous_17)
FN:194,(anonymous_18)
FN:198,(anonymous_19)
FN:206,(anonymous_20)
FN:215,(anonymous_21)
FN:223,(anonymous_22)
FN:232,(anonymous_23)
FN:237,(anonymous_24)
FN:245,(anonymous_25)
FN:254,(anonymous_26)
FN:263,(anonymous_27)
FN:272,(anonymous_28)
FN:289,(anonymous_29)
FN:290,(anonymous_30)
FN:297,(anonymous_31)
FN:304,(anonymous_32)
FN:311,(anonymous_33)
FN:320,(anonymous_34)
FN:328,(anonymous_35)
FN:335,(anonymous_36)
FN:346,(anonymous_37)
FN:349,(anonymous_38)
FN:353,(anonymous_39)
FN:361,getWebSocketManager
FN:372,useWebSocket
FN:378,(anonymous_42)
FN:381,(anonymous_43)
FN:387,(anonymous_44)
FN:395,(anonymous_45)
FN:396,(anonymous_46)
FN:399,(anonymous_47)
FNF:45
FNH:0
FNDA:0,(anonymous_3)
FNDA:0,(anonymous_4)
FNDA:0,(anonymous_5)
FNDA:0,(anonymous_6)
FNDA:0,(anonymous_7)
FNDA:0,(anonymous_8)
FNDA:0,(anonymous_9)
FNDA:0,(anonymous_10)
FNDA:0,(anonymous_11)
FNDA:0,(anonymous_12)
FNDA:0,(anonymous_13)
FNDA:0,(anonymous_14)
FNDA:0,(anonymous_15)
FNDA:0,(anonymous_16)
FNDA:0,(anonymous_17)
FNDA:0,(anonymous_18)
FNDA:0,(anonymous_19)
FNDA:0,(anonymous_20)
FNDA:0,(anonymous_21)
FNDA:0,(anonymous_22)
FNDA:0,(anonymous_23)
FNDA:0,(anonymous_24)
FNDA:0,(anonymous_25)
FNDA:0,(anonymous_26)
FNDA:0,(anonymous_27)
FNDA:0,(anonymous_28)
FNDA:0,(anonymous_29)
FNDA:0,(anonymous_30)
FNDA:0,(anonymous_31)
FNDA:0,(anonymous_32)
FNDA:0,(anonymous_33)
FNDA:0,(anonymous_34)
FNDA:0,(anonymous_35)
FNDA:0,(anonymous_36)
FNDA:0,(anonymous_37)
FNDA:0,(anonymous_38)
FNDA:0,(anonymous_39)
FNDA:0,getWebSocketManager
FNDA:0,useWebSocket
FNDA:0,(anonymous_42)
FNDA:0,(anonymous_43)
FNDA:0,(anonymous_44)
FNDA:0,(anonymous_45)
FNDA:0,(anonymous_46)
FNDA:0,(anonymous_47)
DA:3,0
DA:26,0
DA:27,0
DA:28,0
DA:32,0
DA:33,0
DA:34,0
DA:35,0
DA:40,0
DA:41,0
DA:43,0
DA:47,0
DA:48,0
DA:54,0
DA:55,0
DA:56,0
DA:66,0
DA:67,0
DA:68,0
DA:70,0
DA:74,0
DA:75,0
DA:80,0
DA:83,0
DA:84,0
DA:100,0
DA:121,0
DA:123,0
DA:133,0
DA:139,0
DA:145,0
DA:146,0
DA:147,0
DA:148,0
DA:152,0
DA:153,0
DA:154,0
DA:155,0
DA:156,0
DA:157,0
DA:158,0
DA:159,0
DA:162,0
DA:163,0
DA:166,0
DA:170,0
DA:171,0
DA:174,0
DA:175,0
DA:177,0
DA:178,0
DA:179,0
DA:181,0
DA:182,0
DA:185,0
DA:187,0
DA:188,0
DA:189,0
DA:190,0
DA:195,0
DA:197,0
DA:198,0
DA:200,0
DA:201,0
DA:202,0
DA:203,0
DA:206,0
DA:207,0
DA:208,0
DA:209,0
DA:211,0
DA:215,0
DA:217,0
DA:218,0
DA:219,0
DA:220,0
DA:223,0
DA:224,0
DA:225,0
DA:226,0
DA:229,0
DA:230,0
DA:231,0
DA:232,0
DA:237,0
DA:239,0
DA:240,0
DA:241,0
DA:242,0
DA:245,0
DA:246,0
DA:247,0
DA:248,0
DA:250,0
DA:254,0
DA:256,0
DA:257,0
DA:258,0
DA:264,0
DA:265,0
DA:266,0
DA:267,0
DA:269,0
DA:273,0
DA:275,0
DA:276,0
DA:278,0
DA:279,0
DA:282,0
DA:283,0
DA:285,0
DA:291,0
DA:292,0
DA:298,0
DA:299,0
DA:300,0
DA:305,0
DA:306,0
DA:307,0
DA:311,0
DA:312,0
DA:315,0
DA:316,0
DA:321,0
DA:322,0
DA:324,0
DA:329,0
DA:330,0
DA:332,0
DA:335,0
DA:336,0
DA:337,0
DA:338,0
DA:339,0
DA:340,0
DA:347,0
DA:348,0
DA:349,0
DA:354,0
DA:359,0
DA:361,0
DA:362,0
DA:364,0
DA:366,0
DA:368,0
DA:372,0
DA:373,0
DA:376,0
DA:378,0
DA:379,0
DA:381,0
DA:382,0
DA:385,0
DA:387,0
DA:388,0
DA:389,0
DA:390,0
DA:395,0
DA:396,0
DA:399,0
DA:400,0
DA:403,0
LF:162
LH:0
BRDA:40,0,0,0
BRDA:47,1,0,0
BRDA:56,2,0,0
BRDA:67,3,0,0
BRDA:74,4,0,0
BRDA:166,5,0,0
BRDA:166,5,1,0
BRDA:170,6,0,0
BRDA:178,7,0,0
BRDA:178,7,1,0
BRDA:181,8,0,0
BRDA:181,8,1,0
BRDA:195,9,0,0
BRDA:197,10,0,0
BRDA:197,10,1,0
BRDA:229,11,0,0
BRDA:265,12,0,0
BRDA:273,13,0,0
BRDA:273,13,1,0
BRDA:273,13,2,0
BRDA:273,13,3,0
BRDA:291,14,0,0
BRDA:298,15,0,0
BRDA:305,16,0,0
BRDA:305,16,1,0
BRDA:321,17,0,0
BRDA:321,17,1,0
BRDA:329,18,0,0
BRDA:337,19,0,0
BRDA:339,20,0,0
BRDA:348,21,0,0
BRDA:362,22,0,0
BRDA:364,23,0,0
BRDA:364,23,1,0
BRDA:389,24,0,0
BRDA:396,25,0,0
BRDA:396,25,1,0
BRF:37
BRH:0
end_of_record
